{"meta": {"format": 3, "version": "7.15.0", "timestamp": "2026-07-03T10:51:53.772616", "branch_coverage": false, "show_contexts": false}, "files": {"core/__init__.py": {"executed_lines": [], "summary": {"covered_lines": 0, "num_statements": 0, "percent_covered": 100.0, "percent_covered_display": "100", "missing_lines": 0, "excluded_lines": 0, "percent_statements_covered": 100.0, "percent_statements_covered_display": "100"}, "missing_lines": [], "excluded_lines": [], "functions": {"": {"executed_lines": [], "summary": {"covered_lines": 0, "num_statements": 0, "percent_covered": 100.0, "percent_covered_display": "100", "missing_lines": 0, "excluded_lines": 0, "percent_statements_covered": 100.0, "percent_statements_covered_display": "100"}, "missing_lines": [], "excluded_lines": [], "start_line": 1}}, "classes": {"": {"executed_lines": [], "summary": {"covered_lines": 0, "num_statements": 0, "percent_covered": 100.0, "percent_covered_display": "100", "missing_lines": 0, "excluded_lines": 0, "percent_statements_covered": 100.0, "percent_statements_covered_display": "100"}, "missing_lines": [], "excluded_lines": [], "start_line": 1}}}, "core/admin_god.py": {"executed_lines": [], "summary": {"covered_lines": 0, "num_statements": 41, "percent_covered": 0.0, "percent_covered_display": "0", "missing_lines": 41, "excluded_lines": 2, "percent_statements_covered": 0.0, "percent_statements_covered_display": "0"}, "missing_lines": [1, 2, 5, 6, 10, 11, 12, 15, 22, 23, 24, 25, 27, 29, 30, 31, 32, 33, 34, 35, 36, 37, 38, 40, 41, 42, 43, 44, 45, 46, 48, 53, 55, 60, 62, 63, 65, 66, 68, 69, 71], "excluded_lines": [7, 8], "functions": {"AdminGodLayer.__init__": {"executed_lines": [], "summary": {"covered_lines": 0, "num_statements": 3, "percent_covered": 0.0, "percent_covered_display": "0", "missing_lines": 3, "excluded_lines": 0, "percent_statements_covered": 0.0, "percent_statements_covered_display": "0"}, "missing_lines": [23, 24, 25], "excluded_lines": [], "start_line": 22}, "AdminGodLayer.verify_admin": {"executed_lines": [], "summary": {"covered_lines": 0, "num_statements": 10, "percent_covered": 0.0, "percent_covered_display": "0", "missing_lines": 10, "excluded_lines": 0, "percent_statements_covered": 0.0, "percent_statements_covered_display": "0"}, "missing_lines": [29, 30, 31, 32, 33, 34, 35, 36, 37, 38], "excluded_lines": [], "start_line": 27}, "AdminGodLayer.enforce": {"executed_lines": [], "summary": {"covered_lines": 0, "num_statements": 6, "percent_covered": 0.0, "percent_covered_display": "0", "missing_lines": 6, "excluded_lines": 0, "percent_statements_covered": 0.0, "percent_statements_covered_display": "0"}, "missing_lines": [41, 42, 43, 44, 45, 46], "excluded_lines": [], "start_line": 40}, "AdminGodLayer.enforce_rules": {"executed_lines": [], "summary": {"covered_lines": 0, "num_statements": 1, "percent_covered": 0.0, "percent_covered_display": "0", "missing_lines": 1, "excluded_lines": 0, "percent_statements_covered": 0.0, "percent_statements_covered_display": "0"}, "missing_lines": [53], "excluded_lines": [], "start_line": 48}, "AdminGodLayer.inject_prompt_constraints": {"executed_lines": [], "summary": {"covered_lines": 0, "num_statements": 8, "percent_covered": 0.0, "percent_covered_display": "0", "missing_lines": 8, "excluded_lines": 0, "percent_statements_covered": 0.0, "percent_statements_covered_display": "0"}, "missing_lines": [60, 62, 63, 65, 66, 68, 69, 71], "excluded_lines": [], "start_line": 55}, "": {"executed_lines": [], "summary": {"covered_lines": 0, "num_statements": 13, "percent_covered": 0.0, "percent_covered_display": "0", "missing_lines": 13, "excluded_lines": 2, "percent_statements_covered": 0.0, "percent_statements_covered_display": "0"}, "missing_lines": [1, 2, 5, 6, 10, 11, 12, 15, 22, 27, 40, 48, 55], "excluded_lines": [7, 8], "start_line": 1}}, "classes": {"AdminGodLayer": {"executed_lines": [], "summary": {"covered_lines": 0, "num_statements": 28, "percent_covered": 0.0, "percent_covered_display": "0", "missing_lines": 28, "excluded_lines": 0, "percent_statements_covered": 0.0, "percent_statements_covered_display": "0"}, "missing_lines": [23, 24, 25, 29, 30, 31, 32, 33, 34, 35, 36, 37, 38, 41, 42, 43, 44, 45, 46, 53, 60, 62, 63, 65, 66, 68, 69, 71], "excluded_lines": [], "start_line": 15}, "": {"executed_lines": [], "summary": {"covered_lines": 0, "num_statements": 13, "percent_covered": 0.0, "percent_covered_display": "0", "missing_lines": 13, "excluded_lines": 2, "percent_statements_covered": 0.0, "percent_statements_covered_display": "0"}, "missing_lines": [1, 2, 5, 6, 10, 11, 12, 15, 22, 27, 40, 48, 55], "excluded_lines": [7, 8], "start_line": 1}}}, "core/admin_routes.py": {"executed_lines": [], "summary": {"covered_lines": 0, "num_statements": 278, "percent_covered": 0.0, "percent_covered_display": "0", "missing_lines": 278, "excluded_lines": 2, "percent_statements_covered": 0.0, "percent_statements_covered_display": "0"}, "missing_lines": [1, 2, 3, 4, 5, 6, 8, 9, 10, 11, 13, 14, 15, 16, 17, 18, 19, 20, 21, 24, 25, 30, 33, 34, 35, 36, 39, 40, 41, 42, 43, 44, 45, 48, 49, 50, 51, 52, 55, 58, 59, 60, 61, 62, 63, 65, 66, 67, 68, 71, 72, 73, 74, 76, 77, 78, 80, 81, 82, 84, 85, 87, 89, 90, 91, 92, 98, 99, 100, 101, 103, 104, 105, 106, 107, 108, 109, 110, 111, 112, 113, 114, 117, 118, 119, 120, 121, 122, 124, 125, 126, 128, 129, 130, 131, 132, 133, 134, 135, 136, 137, 138, 139, 140, 141, 142, 143, 145, 147, 148, 149, 151, 152, 154, 157, 158, 159, 161, 162, 163, 164, 165, 166, 167, 168, 170, 171, 172, 173, 174, 176, 178, 179, 180, 181, 182, 183, 186, 187, 190, 191, 192, 193, 195, 196, 197, 198, 199, 200, 202, 203, 204, 205, 206, 208, 209, 210, 212, 213, 214, 215, 216, 217, 218, 219, 220, 222, 223, 224, 225, 226, 229, 230, 232, 233, 234, 236, 242, 243, 245, 247, 248, 249, 251, 254, 255, 256, 265, 266, 267, 269, 270, 273, 274, 275, 277, 279, 280, 281, 282, 283, 286, 287, 288, 290, 291, 292, 293, 296, 297, 298, 300, 301, 302, 305, 306, 307, 309, 310, 313, 314, 315, 324, 325, 326, 329, 330, 331, 334, 335, 336, 339, 340, 341, 342, 343, 344, 345, 346, 349, 350, 351, 365, 366, 368, 369, 370, 371, 372, 374, 375, 376, 377, 378, 380, 381, 382, 383, 384, 385, 388, 389, 391, 392, 393, 394, 395, 396, 397, 398, 399, 400, 402, 403, 404, 405, 406, 407], "excluded_lines": [26, 27], "functions": {"_hash_password": {"executed_lines": [], "summary": {"covered_lines": 0, "num_statements": 3, "percent_covered": 0.0, "percent_covered_display": "0", "missing_lines": 3, "excluded_lines": 0, "percent_statements_covered": 0.0, "percent_statements_covered_display": "0"}, "missing_lines": [34, 35, 36], "excluded_lines": [], "start_line": 33}, "_verify_password": {"executed_lines": [], "summary": {"covered_lines": 0, "num_statements": 6, "percent_covered": 0.0, "percent_covered_display": "0", "missing_lines": 6, "excluded_lines": 0, "percent_statements_covered": 0.0, "percent_statements_covered_display": "0"}, "missing_lines": [40, 41, 42, 43, 44, 45], "excluded_lines": [], "start_line": 39}, "_get_admin_credentials": {"executed_lines": [], "summary": {"covered_lines": 0, "num_statements": 4, "percent_covered": 0.0, "percent_covered_display": "0", "missing_lines": 4, "excluded_lines": 0, "percent_statements_covered": 0.0, "percent_statements_covered_display": "0"}, "missing_lines": [49, 50, 51, 52], "excluded_lines": [], "start_line": 48}, "admin_login": {"executed_lines": [], "summary": {"covered_lines": 0, "num_statements": 8, "percent_covered": 0.0, "percent_covered_display": "0", "missing_lines": 8, "excluded_lines": 0, "percent_statements_covered": 0.0, "percent_statements_covered_display": "0"}, "missing_lines": [60, 61, 62, 63, 65, 66, 67, 68], "excluded_lines": [], "start_line": 59}, "admin_verify": {"executed_lines": [], "summary": {"covered_lines": 0, "num_statements": 15, "percent_covered": 0.0, "percent_covered_display": "0", "missing_lines": 15, "excluded_lines": 0, "percent_statements_covered": 0.0, "percent_statements_covered_display": "0"}, "missing_lines": [73, 74, 76, 77, 78, 80, 81, 82, 84, 85, 87, 89, 90, 91, 92], "excluded_lines": [], "start_line": 72}, "admin_firebase_login": {"executed_lines": [], "summary": {"covered_lines": 0, "num_statements": 46, "percent_covered": 0.0, "percent_covered_display": "0", "missing_lines": 46, "excluded_lines": 0, "percent_statements_covered": 0.0, "percent_statements_covered_display": "0"}, "missing_lines": [100, 101, 103, 104, 105, 106, 107, 108, 109, 110, 111, 112, 113, 114, 117, 118, 119, 120, 121, 122, 124, 125, 126, 128, 129, 130, 131, 132, 133, 134, 135, 136, 137, 138, 139, 140, 141, 142, 143, 145, 147, 148, 149, 151, 152, 154], "excluded_lines": [], "start_line": 99}, "admin_firebase_totp_setup": {"executed_lines": [], "summary": {"covered_lines": 0, "num_statements": 23, "percent_covered": 0.0, "percent_covered_display": "0", "missing_lines": 23, "excluded_lines": 0, "percent_statements_covered": 0.0, "percent_statements_covered_display": "0"}, "missing_lines": [159, 161, 162, 163, 164, 165, 166, 167, 168, 170, 171, 172, 173, 174, 176, 178, 179, 180, 181, 182, 183, 186, 187], "excluded_lines": [], "start_line": 158}, "admin_firebase_totp_verify": {"executed_lines": [], "summary": {"covered_lines": 0, "num_statements": 43, "percent_covered": 0.0, "percent_covered_display": "0", "missing_lines": 43, "excluded_lines": 0, "percent_statements_covered": 0.0, "percent_statements_covered_display": "0"}, "missing_lines": [192, 193, 195, 196, 197, 198, 199, 200, 202, 203, 204, 205, 206, 208, 209, 210, 212, 213, 214, 215, 216, 217, 218, 219, 220, 222, 223, 224, 225, 226, 229, 230, 232, 233, 234, 236, 242, 243, 245, 247, 248, 249, 251], "excluded_lines": [], "start_line": 191}, "cloud_distribution": {"executed_lines": [], "summary": {"covered_lines": 0, "num_statements": 1, "percent_covered": 0.0, "percent_covered_display": "0", "missing_lines": 1, "excluded_lines": 0, "percent_statements_covered": 0.0, "percent_statements_covered_display": "0"}, "missing_lines": [256], "excluded_lines": [], "start_line": 255}, "free_tier_status": {"executed_lines": [], "summary": {"covered_lines": 0, "num_statements": 3, "percent_covered": 0.0, "percent_covered_display": "0", "missing_lines": 3, "excluded_lines": 0, "percent_statements_covered": 0.0, "percent_statements_covered_display": "0"}, "missing_lines": [267, 269, 270], "excluded_lines": [], "start_line": 266}, "free_tier_provider_status": {"executed_lines": [], "summary": {"covered_lines": 0, "num_statements": 7, "percent_covered": 0.0, "percent_covered_display": "0", "missing_lines": 7, "excluded_lines": 0, "percent_statements_covered": 0.0, "percent_statements_covered_display": "0"}, "missing_lines": [275, 277, 279, 280, 281, 282, 283], "excluded_lines": [], "start_line": 274}, "free_tier_pause_provider": {"executed_lines": [], "summary": {"covered_lines": 0, "num_statements": 5, "percent_covered": 0.0, "percent_covered_display": "0", "missing_lines": 5, "excluded_lines": 0, "percent_statements_covered": 0.0, "percent_statements_covered_display": "0"}, "missing_lines": [288, 290, 291, 292, 293], "excluded_lines": [], "start_line": 287}, "free_tier_override_limits": {"executed_lines": [], "summary": {"covered_lines": 0, "num_statements": 4, "percent_covered": 0.0, "percent_covered_display": "0", "missing_lines": 4, "excluded_lines": 0, "percent_statements_covered": 0.0, "percent_statements_covered_display": "0"}, "missing_lines": [298, 300, 301, 302], "excluded_lines": [], "start_line": 297}, "token_budget_stats": {"executed_lines": [], "summary": {"covered_lines": 0, "num_statements": 3, "percent_covered": 0.0, "percent_covered_display": "0", "missing_lines": 3, "excluded_lines": 0, "percent_statements_covered": 0.0, "percent_statements_covered_display": "0"}, "missing_lines": [307, 309, 310], "excluded_lines": [], "start_line": 306}, "gcp_health": {"executed_lines": [], "summary": {"covered_lines": 0, "num_statements": 1, "percent_covered": 0.0, "percent_covered_display": "0", "missing_lines": 1, "excluded_lines": 0, "percent_statements_covered": 0.0, "percent_statements_covered_display": "0"}, "missing_lines": [315], "excluded_lines": [], "start_line": 314}, "gcp_verification_queue_stats": {"executed_lines": [], "summary": {"covered_lines": 0, "num_statements": 1, "percent_covered": 0.0, "percent_covered_display": "0", "missing_lines": 1, "excluded_lines": 0, "percent_statements_covered": 0.0, "percent_statements_covered_display": "0"}, "missing_lines": [326], "excluded_lines": [], "start_line": 325}, "gcp_pubsub_stats": {"executed_lines": [], "summary": {"covered_lines": 0, "num_statements": 1, "percent_covered": 0.0, "percent_covered_display": "0", "missing_lines": 1, "excluded_lines": 0, "percent_statements_covered": 0.0, "percent_statements_covered_display": "0"}, "missing_lines": [331], "excluded_lines": [], "start_line": 330}, "get_admin_rules": {"executed_lines": [], "summary": {"covered_lines": 0, "num_statements": 1, "percent_covered": 0.0, "percent_covered_display": "0", "missing_lines": 1, "excluded_lines": 0, "percent_statements_covered": 0.0, "percent_statements_covered_display": "0"}, "missing_lines": [336], "excluded_lines": [], "start_line": 335}, "post_admin_rules": {"executed_lines": [], "summary": {"covered_lines": 0, "num_statements": 6, "percent_covered": 0.0, "percent_covered_display": "0", "missing_lines": 6, "excluded_lines": 0, "percent_statements_covered": 0.0, "percent_statements_covered_display": "0"}, "missing_lines": [341, 342, 343, 344, 345, 346], "excluded_lines": [], "start_line": 340}, "get_skills": {"executed_lines": [], "summary": {"covered_lines": 0, "num_statements": 1, "percent_covered": 0.0, "percent_covered_display": "0", "missing_lines": 1, "excluded_lines": 0, "percent_statements_covered": 0.0, "percent_statements_covered_display": "0"}, "missing_lines": [351], "excluded_lines": [], "start_line": 350}, "verify_totp_code": {"executed_lines": [], "summary": {"covered_lines": 0, "num_statements": 17, "percent_covered": 0.0, "percent_covered_display": "0", "missing_lines": 17, "excluded_lines": 0, "percent_statements_covered": 0.0, "percent_statements_covered_display": "0"}, "missing_lines": [366, 368, 369, 370, 371, 372, 374, 375, 376, 377, 378, 380, 381, 382, 383, 384, 385], "excluded_lines": [], "start_line": 365}, "check_totp": {"executed_lines": [], "summary": {"covered_lines": 0, "num_statements": 17, "percent_covered": 0.0, "percent_covered_display": "0", "missing_lines": 17, "excluded_lines": 0, "percent_statements_covered": 0.0, "percent_statements_covered_display": "0"}, "missing_lines": [389, 391, 392, 393, 394, 395, 396, 397, 398, 399, 400, 402, 403, 404, 405, 406, 407], "excluded_lines": [], "start_line": 388}, "": {"executed_lines": [], "summary": {"covered_lines": 0, "num_statements": 62, "percent_covered": 0.0, "percent_covered_display": "0", "missing_lines": 62, "excluded_lines": 2, "percent_statements_covered": 0.0, "percent_statements_covered_display": "0"}, "missing_lines": [1, 2, 3, 4, 5, 6, 8, 9, 10, 11, 13, 14, 15, 16, 17, 18, 19, 20, 21, 24, 25, 30, 33, 39, 48, 55, 58, 59, 71, 72, 98, 99, 157, 158, 190, 191, 254, 255, 265, 266, 273, 274, 286, 287, 296, 297, 305, 306, 313, 314, 324, 325, 329, 330, 334, 335, 339, 340, 349, 350, 365, 388], "excluded_lines": [26, 27], "start_line": 1}}, "classes": {"": {"executed_lines": [], "summary": {"covered_lines": 0, "num_statements": 278, "percent_covered": 0.0, "percent_covered_display": "0", "missing_lines": 278, "excluded_lines": 2, "percent_statements_covered": 0.0, "percent_statements_covered_display": "0"}, "missing_lines": [1, 2, 3, 4, 5, 6, 8, 9, 10, 11, 13, 14, 15, 16, 17, 18, 19, 20, 21, 24, 25, 30, 33, 34, 35, 36, 39, 40, 41, 42, 43, 44, 45, 48, 49, 50, 51, 52, 55, 58, 59, 60, 61, 62, 63, 65, 66, 67, 68, 71, 72, 73, 74, 76, 77, 78, 80, 81, 82, 84, 85, 87, 89, 90, 91, 92, 98, 99, 100, 101, 103, 104, 105, 106, 107, 108, 109, 110, 111, 112, 113, 114, 117, 118, 119, 120, 121, 122, 124, 125, 126, 128, 129, 130, 131, 132, 133, 134, 135, 136, 137, 138, 139, 140, 141, 142, 143, 145, 147, 148, 149, 151, 152, 154, 157, 158, 159, 161, 162, 163, 164, 165, 166, 167, 168, 170, 171, 172, 173, 174, 176, 178, 179, 180, 181, 182, 183, 186, 187, 190, 191, 192, 193, 195, 196, 197, 198, 199, 200, 202, 203, 204, 205, 206, 208, 209, 210, 212, 213, 214, 215, 216, 217, 218, 219, 220, 222, 223, 224, 225, 226, 229, 230, 232, 233, 234, 236, 242, 243, 245, 247, 248, 249, 251, 254, 255, 256, 265, 266, 267, 269, 270, 273, 274, 275, 277, 279, 280, 281, 282, 283, 286, 287, 288, 290, 291, 292, 293, 296, 297, 298, 300, 301, 302, 305, 306, 307, 309, 310, 313, 314, 315, 324, 325, 326, 329, 330, 331, 334, 335, 336, 339, 340, 341, 342, 343, 344, 345, 346, 349, 350, 351, 365, 366, 368, 369, 370, 371, 372, 374, 375, 376, 377, 378, 380, 381, 382, 383, 384, 385, 388, 389, 391, 392, 393, 394, 395, 396, 397, 398, 399, 400, 402, 403, 404, 405, 406, 407], "excluded_lines": [26, 27], "start_line": 1}}}, "core/agent_orchestrator.py": {"executed_lines": [], "summary": {"covered_lines": 0, "num_statements": 125, "percent_covered": 0.0, "percent_covered_display": "0", "missing_lines": 125, "excluded_lines": 0, "percent_statements_covered": 0.0, "percent_statements_covered_display": "0"}, "missing_lines": [1, 2, 3, 4, 6, 7, 10, 11, 12, 15, 16, 17, 19, 20, 21, 22, 24, 65, 66, 69, 70, 71, 74, 75, 76, 78, 79, 80, 87, 88, 95, 96, 97, 104, 111, 118, 123, 130, 138, 139, 140, 141, 142, 143, 144, 145, 146, 148, 149, 150, 151, 152, 153, 154, 156, 157, 158, 159, 160, 161, 162, 164, 165, 166, 167, 169, 170, 171, 172, 173, 175, 176, 187, 188, 189, 190, 191, 194, 195, 196, 198, 199, 201, 203, 212, 214, 216, 217, 218, 219, 220, 222, 227, 228, 230, 232, 233, 234, 235, 237, 238, 239, 240, 247, 249, 250, 251, 252, 253, 255, 261, 269, 285, 287, 288, 289, 290, 291, 292, 293, 294, 299, 300, 301, 303], "excluded_lines": [], "functions": {"_normalize": {"executed_lines": [], "summary": {"covered_lines": 0, "num_statements": 1, "percent_covered": 0.0, "percent_covered_display": "0", "missing_lines": 1, "excluded_lines": 0, "percent_statements_covered": 0.0, "percent_statements_covered_display": "0"}, "missing_lines": [66], "excluded_lines": [], "start_line": 65}, "_matches_any": {"executed_lines": [], "summary": {"covered_lines": 0, "num_statements": 2, "percent_covered": 0.0, "percent_covered_display": "0", "missing_lines": 2, "excluded_lines": 0, "percent_statements_covered": 0.0, "percent_statements_covered_display": "0"}, "missing_lines": [70, 71], "excluded_lines": [], "start_line": 69}, "route_request": {"executed_lines": [], "summary": {"covered_lines": 0, "num_statements": 15, "percent_covered": 0.0, "percent_covered_display": "0", "missing_lines": 15, "excluded_lines": 0, "percent_statements_covered": 0.0, "percent_statements_covered_display": "0"}, "missing_lines": [75, 76, 78, 79, 80, 87, 88, 95, 96, 97, 104, 111, 118, 123, 130], "excluded_lines": [], "start_line": 74}, "AgentCircuitBreaker.__init__": {"executed_lines": [], "summary": {"covered_lines": 0, "num_statements": 7, "percent_covered": 0.0, "percent_covered_display": "0", "missing_lines": 7, "excluded_lines": 0, "percent_statements_covered": 0.0, "percent_statements_covered_display": "0"}, "missing_lines": [140, 141, 142, 143, 144, 145, 146], "excluded_lines": [], "start_line": 139}, "AgentCircuitBreaker.increment_iteration": {"executed_lines": [], "summary": {"covered_lines": 0, "num_statements": 6, "percent_covered": 0.0, "percent_covered_display": "0", "missing_lines": 6, "excluded_lines": 0, "percent_statements_covered": 0.0, "percent_statements_covered_display": "0"}, "missing_lines": [149, 150, 151, 152, 153, 154], "excluded_lines": [], "start_line": 148}, "AgentCircuitBreaker.add_tokens": {"executed_lines": [], "summary": {"covered_lines": 0, "num_statements": 6, "percent_covered": 0.0, "percent_covered_display": "0", "missing_lines": 6, "excluded_lines": 0, "percent_statements_covered": 0.0, "percent_statements_covered_display": "0"}, "missing_lines": [157, 158, 159, 160, 161, 162], "excluded_lines": [], "start_line": 156}, "AgentCircuitBreaker.check_limits": {"executed_lines": [], "summary": {"covered_lines": 0, "num_statements": 3, "percent_covered": 0.0, "percent_covered_display": "0", "missing_lines": 3, "excluded_lines": 0, "percent_statements_covered": 0.0, "percent_statements_covered_display": "0"}, "missing_lines": [165, 166, 167], "excluded_lines": [], "start_line": 164}, "AgentCircuitBreaker.reset": {"executed_lines": [], "summary": {"covered_lines": 0, "num_statements": 4, "percent_covered": 0.0, "percent_covered_display": "0", "missing_lines": 4, "excluded_lines": 0, "percent_statements_covered": 0.0, "percent_statements_covered_display": "0"}, "missing_lines": [170, 171, 172, 173], "excluded_lines": [], "start_line": 169}, "AgentCircuitBreaker.get_status": {"executed_lines": [], "summary": {"covered_lines": 0, "num_statements": 1, "percent_covered": 0.0, "percent_covered_display": "0", "missing_lines": 1, "excluded_lines": 0, "percent_statements_covered": 0.0, "percent_statements_covered_display": "0"}, "missing_lines": [176], "excluded_lines": [], "start_line": 175}, "AsyncTaskManager.__init__": {"executed_lines": [], "summary": {"covered_lines": 0, "num_statements": 1, "percent_covered": 0.0, "percent_covered_display": "0", "missing_lines": 1, "excluded_lines": 0, "percent_statements_covered": 0.0, "percent_statements_covered_display": "0"}, "missing_lines": [196], "excluded_lines": [], "start_line": 195}, "AsyncTaskManager.create_task": {"executed_lines": [], "summary": {"covered_lines": 0, "num_statements": 5, "percent_covered": 0.0, "percent_covered_display": "0", "missing_lines": 5, "excluded_lines": 0, "percent_statements_covered": 0.0, "percent_statements_covered_display": "0"}, "missing_lines": [199, 201, 203, 212, 214], "excluded_lines": [], "start_line": 198}, "AsyncTaskManager._enqueue_task": {"executed_lines": [], "summary": {"covered_lines": 0, "num_statements": 8, "percent_covered": 0.0, "percent_covered_display": "0", "missing_lines": 8, "excluded_lines": 0, "percent_statements_covered": 0.0, "percent_statements_covered_display": "0"}, "missing_lines": [217, 218, 219, 220, 222, 227, 228, 230], "excluded_lines": [], "start_line": 216}, "AsyncTaskManager._simulate_task": {"executed_lines": [], "summary": {"covered_lines": 0, "num_statements": 3, "percent_covered": 0.0, "percent_covered_display": "0", "missing_lines": 3, "excluded_lines": 0, "percent_statements_covered": 0.0, "percent_statements_covered_display": "0"}, "missing_lines": [233, 234, 235], "excluded_lines": [], "start_line": 232}, "AsyncTaskManager.get_task": {"executed_lines": [], "summary": {"covered_lines": 0, "num_statements": 4, "percent_covered": 0.0, "percent_covered_display": "0", "missing_lines": 4, "excluded_lines": 0, "percent_statements_covered": 0.0, "percent_statements_covered_display": "0"}, "missing_lines": [238, 239, 240, 247], "excluded_lines": [], "start_line": 237}, "AsyncTaskManager.get_stats": {"executed_lines": [], "summary": {"covered_lines": 0, "num_statements": 5, "percent_covered": 0.0, "percent_covered_display": "0", "missing_lines": 5, "excluded_lines": 0, "percent_statements_covered": 0.0, "percent_statements_covered_display": "0"}, "missing_lines": [250, 251, 252, 253, 255], "excluded_lines": [], "start_line": 249}, "budget_aware_route": {"executed_lines": [], "summary": {"covered_lines": 0, "num_statements": 13, "percent_covered": 0.0, "percent_covered_display": "0", "missing_lines": 13, "excluded_lines": 0, "percent_statements_covered": 0.0, "percent_statements_covered_display": "0"}, "missing_lines": [285, 287, 288, 289, 290, 291, 292, 293, 294, 299, 300, 301, 303], "excluded_lines": [], "start_line": 269}, "": {"executed_lines": [], "summary": {"covered_lines": 0, "num_statements": 41, "percent_covered": 0.0, "percent_covered_display": "0", "missing_lines": 41, "excluded_lines": 0, "percent_statements_covered": 0.0, "percent_statements_covered_display": "0"}, "missing_lines": [1, 2, 3, 4, 6, 7, 10, 11, 12, 15, 16, 17, 19, 20, 21, 22, 24, 65, 69, 74, 138, 139, 148, 156, 164, 169, 175, 187, 188, 189, 190, 191, 194, 195, 198, 216, 232, 237, 249, 261, 269], "excluded_lines": [], "start_line": 1}}, "classes": {"AgentCircuitBreaker": {"executed_lines": [], "summary": {"covered_lines": 0, "num_statements": 27, "percent_covered": 0.0, "percent_covered_display": "0", "missing_lines": 27, "excluded_lines": 0, "percent_statements_covered": 0.0, "percent_statements_covered_display": "0"}, "missing_lines": [140, 141, 142, 143, 144, 145, 146, 149, 150, 151, 152, 153, 154, 157, 158, 159, 160, 161, 162, 165, 166, 167, 170, 171, 172, 173, 176], "excluded_lines": [], "start_line": 138}, "SmartSemanticRouter": {"executed_lines": [], "summary": {"covered_lines": 0, "num_statements": 0, "percent_covered": 100.0, "percent_covered_display": "100", "missing_lines": 0, "excluded_lines": 0, "percent_statements_covered": 100.0, "percent_statements_covered_display": "100"}, "missing_lines": [], "excluded_lines": [], "start_line": 187}, "AsyncTaskManager": {"executed_lines": [], "summary": {"covered_lines": 0, "num_statements": 26, "percent_covered": 0.0, "percent_covered_display": "0", "missing_lines": 26, "excluded_lines": 0, "percent_statements_covered": 0.0, "percent_statements_covered_display": "0"}, "missing_lines": [196, 199, 201, 203, 212, 214, 217, 218, 219, 220, 222, 227, 228, 230, 233, 234, 235, 238, 239, 240, 247, 250, 251, 252, 253, 255], "excluded_lines": [], "start_line": 194}, "": {"executed_lines": [], "summary": {"covered_lines": 0, "num_statements": 72, "percent_covered": 0.0, "percent_covered_display": "0", "missing_lines": 72, "excluded_lines": 0, "percent_statements_covered": 0.0, "percent_statements_covered_display": "0"}, "missing_lines": [1, 2, 3, 4, 6, 7, 10, 11, 12, 15, 16, 17, 19, 20, 21, 22, 24, 65, 66, 69, 70, 71, 74, 75, 76, 78, 79, 80, 87, 88, 95, 96, 97, 104, 111, 118, 123, 130, 138, 139, 148, 156, 164, 169, 175, 187, 188, 189, 190, 191, 194, 195, 198, 216, 232, 237, 249, 261, 269, 285, 287, 288, 289, 290, 291, 292, 293, 294, 299, 300, 301, 303], "excluded_lines": [], "start_line": 1}}}, "core/api_key_middleware.py": {"executed_lines": [], "summary": {"covered_lines": 0, "num_statements": 45, "percent_covered": 0.0, "percent_covered_display": "0", "missing_lines": 45, "excluded_lines": 0, "percent_statements_covered": 0.0, "percent_statements_covered_display": "0"}, "missing_lines": [1, 2, 3, 4, 6, 7, 8, 9, 11, 12, 13, 14, 15, 16, 19, 20, 21, 22, 23, 25, 26, 27, 28, 30, 31, 32, 36, 38, 39, 41, 45, 46, 47, 48, 49, 50, 52, 53, 54, 55, 57, 61, 62, 69, 70], "excluded_lines": [], "functions": {"APIKeyAuthMiddleware.__init__": {"executed_lines": [], "summary": {"covered_lines": 0, "num_statements": 3, "percent_covered": 0.0, "percent_covered_display": "0", "missing_lines": 3, "excluded_lines": 0, "percent_statements_covered": 0.0, "percent_statements_covered_display": "0"}, "missing_lines": [21, 22, 23], "excluded_lines": [], "start_line": 20}, "APIKeyAuthMiddleware.dispatch": {"executed_lines": [], "summary": {"covered_lines": 0, "num_statements": 25, "percent_covered": 0.0, "percent_covered_display": "0", "missing_lines": 25, "excluded_lines": 0, "percent_statements_covered": 0.0, "percent_statements_covered_display": "0"}, "missing_lines": [26, 27, 28, 30, 31, 32, 36, 38, 39, 41, 45, 46, 47, 48, 49, 50, 52, 53, 54, 55, 57, 61, 62, 69, 70], "excluded_lines": [], "start_line": 25}, "": {"executed_lines": [], "summary": {"covered_lines": 0, "num_statements": 17, "percent_covered": 0.0, "percent_covered_display": "0", "missing_lines": 17, "excluded_lines": 0, "percent_statements_covered": 0.0, "percent_statements_covered_display": "0"}, "missing_lines": [1, 2, 3, 4, 6, 7, 8, 9, 11, 12, 13, 14, 15, 16, 19, 20, 25], "excluded_lines": [], "start_line": 1}}, "classes": {"APIKeyAuthMiddleware": {"executed_lines": [], "summary": {"covered_lines": 0, "num_statements": 28, "percent_covered": 0.0, "percent_covered_display": "0", "missing_lines": 28, "excluded_lines": 0, "percent_statements_covered": 0.0, "percent_statements_covered_display": "0"}, "missing_lines": [21, 22, 23, 26, 27, 28, 30, 31, 32, 36, 38, 39, 41, 45, 46, 47, 48, 49, 50, 52, 53, 54, 55, 57, 61, 62, 69, 70], "excluded_lines": [], "start_line": 19}, "": {"executed_lines": [], "summary": {"covered_lines": 0, "num_statements": 17, "percent_covered": 0.0, "percent_covered_display": "0", "missing_lines": 17, "excluded_lines": 0, "percent_statements_covered": 0.0, "percent_statements_covered_display": "0"}, "missing_lines": [1, 2, 3, 4, 6, 7, 8, 9, 11, 12, 13, 14, 15, 16, 19, 20, 25], "excluded_lines": [], "start_line": 1}}}, "core/api_key_rate_limiter.py": {"executed_lines": [], "summary": {"covered_lines": 0, "num_statements": 22, "percent_covered": 0.0, "percent_covered_display": "0", "missing_lines": 22, "excluded_lines": 0, "percent_statements_covered": 0.0, "percent_statements_covered_display": "0"}, "missing_lines": [1, 3, 6, 9, 10, 11, 12, 13, 15, 16, 18, 19, 20, 21, 22, 23, 24, 25, 27, 28, 29, 30], "excluded_lines": [], "functions": {"APIKeyRateLimiter.__init__": {"executed_lines": [], "summary": {"covered_lines": 0, "num_statements": 4, "percent_covered": 0.0, "percent_covered_display": "0", "missing_lines": 4, "excluded_lines": 0, "percent_statements_covered": 0.0, "percent_statements_covered_display": "0"}, "missing_lines": [10, 11, 12, 13], "excluded_lines": [], "start_line": 9}, "APIKeyRateLimiter._cleanup": {"executed_lines": [], "summary": {"covered_lines": 0, "num_statements": 1, "percent_covered": 0.0, "percent_covered_display": "0", "missing_lines": 1, "excluded_lines": 0, "percent_statements_covered": 0.0, "percent_statements_covered_display": "0"}, "missing_lines": [16], "excluded_lines": [], "start_line": 15}, "APIKeyRateLimiter.is_allowed": {"executed_lines": [], "summary": {"covered_lines": 0, "num_statements": 7, "percent_covered": 0.0, "percent_covered_display": "0", "missing_lines": 7, "excluded_lines": 0, "percent_statements_covered": 0.0, "percent_statements_covered_display": "0"}, "missing_lines": [19, 20, 21, 22, 23, 24, 25], "excluded_lines": [], "start_line": 18}, "APIKeyRateLimiter.remaining": {"executed_lines": [], "summary": {"covered_lines": 0, "num_statements": 3, "percent_covered": 0.0, "percent_covered_display": "0", "missing_lines": 3, "excluded_lines": 0, "percent_statements_covered": 0.0, "percent_statements_covered_display": "0"}, "missing_lines": [28, 29, 30], "excluded_lines": [], "start_line": 27}, "": {"executed_lines": [], "summary": {"covered_lines": 0, "num_statements": 7, "percent_covered": 0.0, "percent_covered_display": "0", "missing_lines": 7, "excluded_lines": 0, "percent_statements_covered": 0.0, "percent_statements_covered_display": "0"}, "missing_lines": [1, 3, 6, 9, 15, 18, 27], "excluded_lines": [], "start_line": 1}}, "classes": {"APIKeyRateLimiter": {"executed_lines": [], "summary": {"covered_lines": 0, "num_statements": 15, "percent_covered": 0.0, "percent_covered_display": "0", "missing_lines": 15, "excluded_lines": 0, "percent_statements_covered": 0.0, "percent_statements_covered_display": "0"}, "missing_lines": [10, 11, 12, 13, 16, 19, 20, 21, 22, 23, 24, 25, 28, 29, 30], "excluded_lines": [], "start_line": 6}, "": {"executed_lines": [], "summary": {"covered_lines": 0, "num_statements": 7, "percent_covered": 0.0, "percent_covered_display": "0", "missing_lines": 7, "excluded_lines": 0, "percent_statements_covered": 0.0, "percent_statements_covered_display": "0"}, "missing_lines": [1, 3, 6, 9, 15, 18, 27], "excluded_lines": [], "start_line": 1}}}, "core/app.py": {"executed_lines": [], "summary": {"covered_lines": 0, "num_statements": 290, "percent_covered": 0.0, "percent_covered_display": "0", "missing_lines": 290, "excluded_lines": 0, "percent_statements_covered": 0.0, "percent_statements_covered_display": "0"}, "missing_lines": [1, 2, 3, 5, 6, 7, 8, 9, 10, 11, 12, 13, 14, 16, 17, 18, 19, 20, 21, 22, 23, 24, 25, 26, 29, 30, 31, 32, 33, 34, 35, 36, 37, 38, 39, 42, 44, 46, 48, 51, 52, 53, 58, 59, 62, 63, 66, 67, 72, 75, 76, 77, 78, 81, 83, 84, 86, 93, 105, 106, 110, 119, 120, 121, 122, 123, 124, 125, 126, 129, 130, 131, 141, 142, 143, 144, 145, 146, 147, 148, 149, 151, 152, 155, 159, 160, 167, 168, 169, 175, 176, 177, 178, 179, 180, 181, 182, 183, 184, 185, 186, 187, 188, 189, 190, 191, 192, 193, 194, 195, 196, 197, 198, 199, 200, 201, 202, 203, 204, 205, 206, 209, 211, 212, 213, 214, 215, 216, 217, 218, 219, 220, 221, 222, 223, 224, 225, 226, 227, 228, 229, 230, 231, 232, 233, 234, 235, 236, 237, 238, 239, 240, 241, 242, 243, 244, 245, 246, 247, 248, 249, 250, 251, 252, 253, 254, 255, 256, 257, 258, 259, 260, 261, 262, 263, 264, 265, 266, 267, 268, 269, 270, 271, 272, 274, 275, 276, 277, 279, 282, 283, 285, 286, 288, 289, 290, 292, 295, 296, 299, 300, 302, 303, 304, 306, 307, 309, 310, 311, 313, 314, 316, 317, 318, 320, 321, 323, 324, 325, 327, 328, 330, 331, 332, 334, 335, 337, 338, 339, 341, 342, 344, 345, 346, 348, 349, 350, 351, 354, 355, 357, 358, 359, 362, 363, 365, 366, 367, 368, 370, 371, 373, 374, 375, 377, 378, 380, 381, 382, 384, 385, 387, 388, 389, 391, 394, 397, 398, 399, 401, 402, 404, 405, 406, 408, 411, 412, 414, 415, 416, 417, 419, 421, 424, 426, 427, 429, 430, 431, 433], "excluded_lines": [], "functions": {"InterceptHandler.emit": {"executed_lines": [], "summary": {"covered_lines": 0, "num_statements": 9, "percent_covered": 0.0, "percent_covered_display": "0", "missing_lines": 9, "excluded_lines": 0, "percent_statements_covered": 0.0, "percent_statements_covered_display": "0"}, "missing_lines": [31, 32, 33, 34, 35, 36, 37, 38, 39], "excluded_lines": [], "start_line": 30}, "_docs_auth": {"executed_lines": [], "summary": {"covered_lines": 0, "num_statements": 4, "percent_covered": 0.0, "percent_covered_display": "0", "missing_lines": 4, "excluded_lines": 0, "percent_statements_covered": 0.0, "percent_statements_covered_display": "0"}, "missing_lines": [63, 66, 67, 72], "excluded_lines": [], "start_line": 62}, "_maybe_docs_auth": {"executed_lines": [], "summary": {"covered_lines": 0, "num_statements": 3, "percent_covered": 0.0, "percent_covered_display": "0", "missing_lines": 3, "excluded_lines": 0, "percent_statements_covered": 0.0, "percent_statements_covered_display": "0"}, "missing_lines": [76, 77, 78], "excluded_lines": [], "start_line": 75}, "custom_http_exception_handler": {"executed_lines": [], "summary": {"covered_lines": 0, "num_statements": 1, "percent_covered": 0.0, "percent_covered_display": "0", "missing_lines": 1, "excluded_lines": 0, "percent_statements_covered": 0.0, "percent_statements_covered_display": "0"}, "missing_lines": [131], "excluded_lines": [], "start_line": 130}, "health": {"executed_lines": [], "summary": {"covered_lines": 0, "num_statements": 12, "percent_covered": 0.0, "percent_covered_display": "0", "missing_lines": 12, "excluded_lines": 0, "percent_statements_covered": 0.0, "percent_statements_covered_display": "0"}, "missing_lines": [143, 144, 145, 146, 147, 148, 149, 151, 152, 155, 159, 160], "excluded_lines": [], "start_line": 142}, "actuator_health": {"executed_lines": [], "summary": {"covered_lines": 0, "num_statements": 1, "percent_covered": 0.0, "percent_covered_display": "0", "missing_lines": 1, "excluded_lines": 0, "percent_statements_covered": 0.0, "percent_statements_covered_display": "0"}, "missing_lines": [169], "excluded_lines": [], "start_line": 168}, "": {"executed_lines": [], "summary": {"covered_lines": 0, "num_statements": 260, "percent_covered": 0.0, "percent_covered_display": "0", "missing_lines": 260, "excluded_lines": 0, "percent_statements_covered": 0.0, "percent_statements_covered_display": "0"}, "missing_lines": [1, 2, 3, 5, 6, 7, 8, 9, 10, 11, 12, 13, 14, 16, 17, 18, 19, 20, 21, 22, 23, 24, 25, 26, 29, 30, 42, 44, 46, 48, 51, 52, 53, 58, 59, 62, 75, 81, 83, 84, 86, 93, 105, 106, 110, 119, 120, 121, 122, 123, 124, 125, 126, 129, 130, 141, 142, 167, 168, 175, 176, 177, 178, 179, 180, 181, 182, 183, 184, 185, 186, 187, 188, 189, 190, 191, 192, 193, 194, 195, 196, 197, 198, 199, 200, 201, 202, 203, 204, 205, 206, 209, 211, 212, 213, 214, 215, 216, 217, 218, 219, 220, 221, 222, 223, 224, 225, 226, 227, 228, 229, 230, 231, 232, 233, 234, 235, 236, 237, 238, 239, 240, 241, 242, 243, 244, 245, 246, 247, 248, 249, 250, 251, 252, 253, 254, 255, 256, 257, 258, 259, 260, 261, 262, 263, 264, 265, 266, 267, 268, 269, 270, 271, 272, 274, 275, 276, 277, 279, 282, 283, 285, 286, 288, 289, 290, 292, 295, 296, 299, 300, 302, 303, 304, 306, 307, 309, 310, 311, 313, 314, 316, 317, 318, 320, 321, 323, 324, 325, 327, 328, 330, 331, 332, 334, 335, 337, 338, 339, 341, 342, 344, 345, 346, 348, 349, 350, 351, 354, 355, 357, 358, 359, 362, 363, 365, 366, 367, 368, 370, 371, 373, 374, 375, 377, 378, 380, 381, 382, 384, 385, 387, 388, 389, 391, 394, 397, 398, 399, 401, 402, 404, 405, 406, 408, 411, 412, 414, 415, 416, 417, 419, 421, 424, 426, 427, 429, 430, 431, 433], "excluded_lines": [], "start_line": 1}}, "classes": {"InterceptHandler": {"executed_lines": [], "summary": {"covered_lines": 0, "num_statements": 9, "percent_covered": 0.0, "percent_covered_display": "0", "missing_lines": 9, "excluded_lines": 0, "percent_statements_covered": 0.0, "percent_statements_covered_display": "0"}, "missing_lines": [31, 32, 33, 34, 35, 36, 37, 38, 39], "excluded_lines": [], "start_line": 29}, "": {"executed_lines": [], "summary": {"covered_lines": 0, "num_statements": 281, "percent_covered": 0.0, "percent_covered_display": "0", "missing_lines": 281, "excluded_lines": 0, "percent_statements_covered": 0.0, "percent_statements_covered_display": "0"}, "missing_lines": [1, 2, 3, 5, 6, 7, 8, 9, 10, 11, 12, 13, 14, 16, 17, 18, 19, 20, 21, 22, 23, 24, 25, 26, 29, 30, 42, 44, 46, 48, 51, 52, 53, 58, 59, 62, 63, 66, 67, 72, 75, 76, 77, 78, 81, 83, 84, 86, 93, 105, 106, 110, 119, 120, 121, 122, 123, 124, 125, 126, 129, 130, 131, 141, 142, 143, 144, 145, 146, 147, 148, 149, 151, 152, 155, 159, 160, 167, 168, 169, 175, 176, 177, 178, 179, 180, 181, 182, 183, 184, 185, 186, 187, 188, 189, 190, 191, 192, 193, 194, 195, 196, 197, 198, 199, 200, 201, 202, 203, 204, 205, 206, 209, 211, 212, 213, 214, 215, 216, 217, 218, 219, 220, 221, 222, 223, 224, 225, 226, 227, 228, 229, 230, 231, 232, 233, 234, 235, 236, 237, 238, 239, 240, 241, 242, 243, 244, 245, 246, 247, 248, 249, 250, 251, 252, 253, 254, 255, 256, 257, 258, 259, 260, 261, 262, 263, 264, 265, 266, 267, 268, 269, 270, 271, 272, 274, 275, 276, 277, 279, 282, 283, 285, 286, 288, 289, 290, 292, 295, 296, 299, 300, 302, 303, 304, 306, 307, 309, 310, 311, 313, 314, 316, 317, 318, 320, 321, 323, 324, 325, 327, 328, 330, 331, 332, 334, 335, 337, 338, 339, 341, 342, 344, 345, 346, 348, 349, 350, 351, 354, 355, 357, 358, 359, 362, 363, 365, 366, 367, 368, 370, 371, 373, 374, 375, 377, 378, 380, 381, 382, 384, 385, 387, 388, 389, 391, 394, 397, 398, 399, 401, 402, 404, 405, 406, 408, 411, 412, 414, 415, 416, 417, 419, 421, 424, 426, 427, 429, 430, 431, 433], "excluded_lines": [], "start_line": 1}}}, "core/audit_logger.py": {"executed_lines": [], "summary": {"covered_lines": 0, "num_statements": 41, "percent_covered": 0.0, "percent_covered_display": "0", "missing_lines": 41, "excluded_lines": 0, "percent_statements_covered": 0.0, "percent_statements_covered_display": "0"}, "missing_lines": [1, 2, 3, 5, 8, 9, 10, 11, 12, 14, 15, 17, 18, 19, 20, 21, 23, 25, 26, 27, 28, 39, 41, 43, 44, 45, 46, 50, 51, 52, 54, 55, 56, 57, 58, 59, 60, 61, 62, 63, 64], "excluded_lines": [], "functions": {"AuditLogger.__init__": {"executed_lines": [], "summary": {"covered_lines": 0, "num_statements": 5, "percent_covered": 0.0, "percent_covered_display": "0", "missing_lines": 5, "excluded_lines": 0, "percent_statements_covered": 0.0, "percent_statements_covered_display": "0"}, "missing_lines": [10, 11, 12, 14, 15], "excluded_lines": [], "start_line": 9}, "AuditLogger._get_conn": {"executed_lines": [], "summary": {"covered_lines": 0, "num_statements": 4, "percent_covered": 0.0, "percent_covered_display": "0", "missing_lines": 4, "excluded_lines": 0, "percent_statements_covered": 0.0, "percent_statements_covered_display": "0"}, "missing_lines": [19, 20, 21, 23], "excluded_lines": [], "start_line": 18}, "AuditLogger._init_db": {"executed_lines": [], "summary": {"covered_lines": 0, "num_statements": 4, "percent_covered": 0.0, "percent_covered_display": "0", "missing_lines": 4, "excluded_lines": 0, "percent_statements_covered": 0.0, "percent_statements_covered_display": "0"}, "missing_lines": [26, 27, 28, 39], "excluded_lines": [], "start_line": 25}, "AuditLogger.log_decision": {"executed_lines": [], "summary": {"covered_lines": 0, "num_statements": 7, "percent_covered": 0.0, "percent_covered_display": "0", "missing_lines": 7, "excluded_lines": 0, "percent_statements_covered": 0.0, "percent_statements_covered_display": "0"}, "missing_lines": [43, 44, 45, 46, 50, 51, 52], "excluded_lines": [], "start_line": 41}, "AuditLogger.get_audit_trail": {"executed_lines": [], "summary": {"covered_lines": 0, "num_statements": 10, "percent_covered": 0.0, "percent_covered_display": "0", "missing_lines": 10, "excluded_lines": 0, "percent_statements_covered": 0.0, "percent_statements_covered_display": "0"}, "missing_lines": [55, 56, 57, 58, 59, 60, 61, 62, 63, 64], "excluded_lines": [], "start_line": 54}, "": {"executed_lines": [], "summary": {"covered_lines": 0, "num_statements": 11, "percent_covered": 0.0, "percent_covered_display": "0", "missing_lines": 11, "excluded_lines": 0, "percent_statements_covered": 0.0, "percent_statements_covered_display": "0"}, "missing_lines": [1, 2, 3, 5, 8, 9, 17, 18, 25, 41, 54], "excluded_lines": [], "start_line": 1}}, "classes": {"AuditLogger": {"executed_lines": [], "summary": {"covered_lines": 0, "num_statements": 30, "percent_covered": 0.0, "percent_covered_display": "0", "missing_lines": 30, "excluded_lines": 0, "percent_statements_covered": 0.0, "percent_statements_covered_display": "0"}, "missing_lines": [10, 11, 12, 14, 15, 19, 20, 21, 23, 26, 27, 28, 39, 43, 44, 45, 46, 50, 51, 52, 55, 56, 57, 58, 59, 60, 61, 62, 63, 64], "excluded_lines": [], "start_line": 8}, "": {"executed_lines": [], "summary": {"covered_lines": 0, "num_statements": 11, "percent_covered": 0.0, "percent_covered_display": "0", "missing_lines": 11, "excluded_lines": 0, "percent_statements_covered": 0.0, "percent_statements_covered_display": "0"}, "missing_lines": [1, 2, 3, 5, 8, 9, 17, 18, 25, 41, 54], "excluded_lines": [], "start_line": 1}}}, "core/auth_middleware.py": {"executed_lines": [], "summary": {"covered_lines": 0, "num_statements": 111, "percent_covered": 0.0, "percent_covered_display": "0", "missing_lines": 111, "excluded_lines": 0, "percent_statements_covered": 0.0, "percent_statements_covered_display": "0"}, "missing_lines": [1, 3, 4, 6, 7, 8, 9, 10, 11, 12, 13, 15, 18, 19, 20, 21, 22, 23, 24, 25, 28, 29, 30, 32, 33, 34, 35, 37, 38, 41, 42, 44, 45, 46, 47, 48, 49, 50, 51, 54, 55, 56, 58, 61, 62, 63, 67, 68, 71, 72, 73, 74, 78, 79, 80, 81, 82, 83, 84, 88, 89, 90, 91, 92, 96, 97, 99, 100, 101, 102, 104, 116, 117, 118, 120, 121, 122, 123, 124, 128, 129, 130, 137, 143, 144, 145, 146, 147, 149, 150, 152, 153, 154, 156, 158, 160, 161, 165, 166, 167, 169, 170, 172, 173, 174, 179, 180, 181, 186, 189, 190], "excluded_lines": [], "functions": {"_get_bearer_token": {"executed_lines": [], "summary": {"covered_lines": 0, "num_statements": 7, "percent_covered": 0.0, "percent_covered_display": "0", "missing_lines": 7, "excluded_lines": 0, "percent_statements_covered": 0.0, "percent_statements_covered_display": "0"}, "missing_lines": [19, 20, 21, 22, 23, 24, 25], "excluded_lines": [], "start_line": 18}, "AuthMiddleware.__init__": {"executed_lines": [], "summary": {"covered_lines": 0, "num_statements": 1, "percent_covered": 0.0, "percent_covered_display": "0", "missing_lines": 1, "excluded_lines": 0, "percent_statements_covered": 0.0, "percent_statements_covered_display": "0"}, "missing_lines": [30], "excluded_lines": [], "start_line": 29}, "AuthMiddleware.__call__": {"executed_lines": [], "summary": {"covered_lines": 0, "num_statements": 56, "percent_covered": 0.0, "percent_covered_display": "0", "missing_lines": 56, "excluded_lines": 0, "percent_statements_covered": 0.0, "percent_statements_covered_display": "0"}, "missing_lines": [33, 34, 35, 37, 38, 41, 42, 44, 45, 46, 47, 48, 49, 50, 51, 54, 58, 61, 62, 63, 67, 68, 71, 72, 73, 74, 78, 79, 80, 81, 82, 83, 84, 88, 89, 90, 91, 92, 96, 97, 99, 100, 101, 102, 104, 116, 117, 118, 120, 121, 122, 123, 124, 128, 129, 130], "excluded_lines": [], "start_line": 32}, "AuthMiddleware.__call__._is_allowed_admin_domain": {"executed_lines": [], "summary": {"covered_lines": 0, "num_statements": 2, "percent_covered": 0.0, "percent_covered_display": "0", "missing_lines": 2, "excluded_lines": 0, "percent_statements_covered": 0.0, "percent_statements_covered_display": "0"}, "missing_lines": [55, 56], "excluded_lines": [], "start_line": 54}, "verify_admin_session_fail_closed": {"executed_lines": [], "summary": {"covered_lines": 0, "num_statements": 28, "percent_covered": 0.0, "percent_covered_display": "0", "missing_lines": 28, "excluded_lines": 0, "percent_statements_covered": 0.0, "percent_statements_covered_display": "0"}, "missing_lines": [143, 144, 145, 146, 147, 149, 150, 152, 153, 154, 156, 158, 160, 161, 165, 166, 167, 169, 170, 172, 173, 174, 179, 180, 181, 186, 189, 190], "excluded_lines": [], "start_line": 137}, "": {"executed_lines": [], "summary": {"covered_lines": 0, "num_statements": 17, "percent_covered": 0.0, "percent_covered_display": "0", "missing_lines": 17, "excluded_lines": 0, "percent_statements_covered": 0.0, "percent_statements_covered_display": "0"}, "missing_lines": [1, 3, 4, 6, 7, 8, 9, 10, 11, 12, 13, 15, 18, 28, 29, 32, 137], "excluded_lines": [], "start_line": 1}}, "classes": {"AuthMiddleware": {"executed_lines": [], "summary": {"covered_lines": 0, "num_statements": 59, "percent_covered": 0.0, "percent_covered_display": "0", "missing_lines": 59, "excluded_lines": 0, "percent_statements_covered": 0.0, "percent_statements_covered_display": "0"}, "missing_lines": [30, 33, 34, 35, 37, 38, 41, 42, 44, 45, 46, 47, 48, 49, 50, 51, 54, 55, 56, 58, 61, 62, 63, 67, 68, 71, 72, 73, 74, 78, 79, 80, 81, 82, 83, 84, 88, 89, 90, 91, 92, 96, 97, 99, 100, 101, 102, 104, 116, 117, 118, 120, 121, 122, 123, 124, 128, 129, 130], "excluded_lines": [], "start_line": 28}, "": {"executed_lines": [], "summary": {"covered_lines": 0, "num_statements": 52, "percent_covered": 0.0, "percent_covered_display": "0", "missing_lines": 52, "excluded_lines": 0, "percent_statements_covered": 0.0, "percent_statements_covered_display": "0"}, "missing_lines": [1, 3, 4, 6, 7, 8, 9, 10, 11, 12, 13, 15, 18, 19, 20, 21, 22, 23, 24, 25, 28, 29, 32, 137, 143, 144, 145, 146, 147, 149, 150, 152, 153, 154, 156, 158, 160, 161, 165, 166, 167, 169, 170, 172, 173, 174, 179, 180, 181, 186, 189, 190], "excluded_lines": [], "start_line": 1}}}, "core/auto_remediation.py": {"executed_lines": [], "summary": {"covered_lines": 0, "num_statements": 151, "percent_covered": 0.0, "percent_covered_display": "0", "missing_lines": 151, "excluded_lines": 0, "percent_statements_covered": 0.0, "percent_statements_covered_display": "0"}, "missing_lines": [1, 3, 4, 6, 9, 10, 11, 12, 13, 15, 17, 19, 22, 24, 26, 27, 29, 30, 32, 34, 35, 36, 37, 38, 40, 41, 42, 43, 44, 46, 48, 49, 50, 51, 52, 53, 54, 56, 64, 65, 66, 67, 69, 70, 71, 72, 82, 83, 85, 86, 87, 89, 90, 92, 94, 96, 97, 98, 100, 101, 102, 103, 105, 113, 121, 128, 129, 130, 132, 133, 136, 137, 139, 140, 143, 144, 145, 148, 149, 151, 152, 153, 154, 155, 160, 161, 162, 163, 164, 165, 168, 169, 170, 176, 177, 178, 179, 181, 183, 192, 194, 195, 196, 197, 198, 200, 201, 202, 203, 204, 206, 208, 209, 210, 211, 212, 213, 214, 216, 227, 228, 229, 230, 232, 233, 234, 235, 245, 246, 248, 249, 250, 252, 253, 255, 256, 258, 260, 261, 264, 265, 266, 267, 268, 269, 270, 271, 273, 274, 275, 276], "excluded_lines": [], "functions": {"AutoRemediationEngine.__init__": {"executed_lines": [], "summary": {"covered_lines": 0, "num_statements": 3, "percent_covered": 0.0, "percent_covered_display": "0", "missing_lines": 3, "excluded_lines": 0, "percent_statements_covered": 0.0, "percent_statements_covered_display": "0"}, "missing_lines": [11, 12, 13], "excluded_lines": [], "start_line": 10}, "AutoRemediationEngine.process_codeql_alert": {"executed_lines": [], "summary": {"covered_lines": 0, "num_statements": 8, "percent_covered": 0.0, "percent_covered_display": "0", "missing_lines": 8, "excluded_lines": 0, "percent_statements_covered": 0.0, "percent_statements_covered_display": "0"}, "missing_lines": [17, 19, 22, 24, 26, 27, 29, 30], "excluded_lines": [], "start_line": 15}, "AutoRemediationEngine._generate_ai_patch": {"executed_lines": [], "summary": {"covered_lines": 0, "num_statements": 39, "percent_covered": 0.0, "percent_covered_display": "0", "missing_lines": 39, "excluded_lines": 0, "percent_statements_covered": 0.0, "percent_statements_covered_display": "0"}, "missing_lines": [34, 35, 36, 37, 38, 40, 41, 42, 43, 44, 46, 48, 49, 50, 51, 52, 53, 54, 56, 64, 65, 66, 67, 69, 70, 71, 72, 82, 83, 85, 86, 87, 89, 90, 92, 94, 96, 97, 98], "excluded_lines": [], "start_line": 32}, "AutoRemediationEngine._create_remediation_pr": {"executed_lines": [], "summary": {"covered_lines": 0, "num_statements": 5, "percent_covered": 0.0, "percent_covered_display": "0", "missing_lines": 5, "excluded_lines": 0, "percent_statements_covered": 0.0, "percent_statements_covered_display": "0"}, "missing_lines": [101, 102, 103, 105, 113], "excluded_lines": [], "start_line": 100}, "AutoRemediation.__init__": {"executed_lines": [], "summary": {"covered_lines": 0, "num_statements": 2, "percent_covered": 0.0, "percent_covered_display": "0", "missing_lines": 2, "excluded_lines": 0, "percent_statements_covered": 0.0, "percent_statements_covered_display": "0"}, "missing_lines": [129, 130], "excluded_lines": [], "start_line": 128}, "AutoRemediation.process_security_alert": {"executed_lines": [], "summary": {"covered_lines": 0, "num_statements": 30, "percent_covered": 0.0, "percent_covered_display": "0", "missing_lines": 30, "excluded_lines": 0, "percent_statements_covered": 0.0, "percent_statements_covered_display": "0"}, "missing_lines": [133, 136, 137, 139, 140, 143, 144, 145, 148, 149, 151, 152, 153, 154, 155, 160, 161, 162, 163, 164, 165, 168, 169, 170, 176, 177, 178, 179, 181, 183], "excluded_lines": [], "start_line": 132}, "AutoRemediation._get_ai_patch": {"executed_lines": [], "summary": {"covered_lines": 0, "num_statements": 51, "percent_covered": 0.0, "percent_covered_display": "0", "missing_lines": 51, "excluded_lines": 0, "percent_statements_covered": 0.0, "percent_statements_covered_display": "0"}, "missing_lines": [194, 195, 196, 197, 198, 200, 201, 202, 203, 204, 206, 208, 209, 210, 211, 212, 213, 214, 216, 227, 228, 229, 230, 232, 233, 234, 235, 245, 246, 248, 249, 250, 252, 253, 255, 256, 258, 260, 261, 264, 265, 266, 267, 268, 269, 270, 271, 273, 274, 275, 276], "excluded_lines": [], "start_line": 192}, "": {"executed_lines": [], "summary": {"covered_lines": 0, "num_statements": 13, "percent_covered": 0.0, "percent_covered_display": "0", "missing_lines": 13, "excluded_lines": 0, "percent_statements_covered": 0.0, "percent_statements_covered_display": "0"}, "missing_lines": [1, 3, 4, 6, 9, 10, 15, 32, 100, 121, 128, 132, 192], "excluded_lines": [], "start_line": 1}}, "classes": {"AutoRemediationEngine": {"executed_lines": [], "summary": {"covered_lines": 0, "num_statements": 55, "percent_covered": 0.0, "percent_covered_display": "0", "missing_lines": 55, "excluded_lines": 0, "percent_statements_covered": 0.0, "percent_statements_covered_display": "0"}, "missing_lines": [11, 12, 13, 17, 19, 22, 24, 26, 27, 29, 30, 34, 35, 36, 37, 38, 40, 41, 42, 43, 44, 46, 48, 49, 50, 51, 52, 53, 54, 56, 64, 65, 66, 67, 69, 70, 71, 72, 82, 83, 85, 86, 87, 89, 90, 92, 94, 96, 97, 98, 101, 102, 103, 105, 113], "excluded_lines": [], "start_line": 9}, "AutoRemediation": {"executed_lines": [], "summary": {"covered_lines": 0, "num_statements": 83, "percent_covered": 0.0, "percent_covered_display": "0", "missing_lines": 83, "excluded_lines": 0, "percent_statements_covered": 0.0, "percent_statements_covered_display": "0"}, "missing_lines": [129, 130, 133, 136, 137, 139, 140, 143, 144, 145, 148, 149, 151, 152, 153, 154, 155, 160, 161, 162, 163, 164, 165, 168, 169, 170, 176, 177, 178, 179, 181, 183, 194, 195, 196, 197, 198, 200, 201, 202, 203, 204, 206, 208, 209, 210, 211, 212, 213, 214, 216, 227, 228, 229, 230, 232, 233, 234, 235, 245, 246, 248, 249, 250, 252, 253, 255, 256, 258, 260, 261, 264, 265, 266, 267, 268, 269, 270, 271, 273, 274, 275, 276], "excluded_lines": [], "start_line": 121}, "": {"executed_lines": [], "summary": {"covered_lines": 0, "num_statements": 13, "percent_covered": 0.0, "percent_covered_display": "0", "missing_lines": 13, "excluded_lines": 0, "percent_statements_covered": 0.0, "percent_statements_covered_display": "0"}, "missing_lines": [1, 3, 4, 6, 9, 10, 15, 32, 100, 121, 128, 132, 192], "excluded_lines": [], "start_line": 1}}}, "core/circuit_breaker.py": {"executed_lines": [], "summary": {"covered_lines": 0, "num_statements": 86, "percent_covered": 0.0, "percent_covered_display": "0", "missing_lines": 86, "excluded_lines": 0, "percent_statements_covered": 0.0, "percent_statements_covered_display": "0"}, "missing_lines": [1, 3, 4, 5, 6, 7, 8, 11, 14, 15, 23, 24, 25, 26, 27, 28, 29, 30, 31, 32, 33, 34, 35, 37, 38, 39, 40, 41, 42, 43, 44, 45, 46, 47, 48, 49, 51, 52, 53, 54, 55, 61, 62, 63, 65, 66, 67, 68, 69, 70, 71, 72, 73, 74, 75, 76, 77, 78, 80, 81, 82, 83, 84, 85, 86, 87, 89, 90, 91, 92, 93, 94, 95, 96, 97, 98, 100, 101, 102, 103, 104, 105, 106, 107, 108, 109], "excluded_lines": [], "functions": {"CircuitBreaker.__init__": {"executed_lines": [], "summary": {"covered_lines": 0, "num_statements": 13, "percent_covered": 0.0, "percent_covered_display": "0", "missing_lines": 13, "excluded_lines": 0, "percent_statements_covered": 0.0, "percent_statements_covered_display": "0"}, "missing_lines": [23, 24, 25, 26, 27, 28, 29, 30, 31, 32, 33, 34, 35], "excluded_lines": [], "start_line": 15}, "CircuitBreaker._restore_from_redis": {"executed_lines": [], "summary": {"covered_lines": 0, "num_statements": 12, "percent_covered": 0.0, "percent_covered_display": "0", "missing_lines": 12, "excluded_lines": 0, "percent_statements_covered": 0.0, "percent_statements_covered_display": "0"}, "missing_lines": [38, 39, 40, 41, 42, 43, 44, 45, 46, 47, 48, 49], "excluded_lines": [], "start_line": 37}, "CircuitBreaker._persist_to_redis": {"executed_lines": [], "summary": {"covered_lines": 0, "num_statements": 7, "percent_covered": 0.0, "percent_covered_display": "0", "missing_lines": 7, "excluded_lines": 0, "percent_statements_covered": 0.0, "percent_statements_covered_display": "0"}, "missing_lines": [52, 53, 54, 55, 61, 62, 63], "excluded_lines": [], "start_line": 51}, "CircuitBreaker.allow_request": {"executed_lines": [], "summary": {"covered_lines": 0, "num_statements": 13, "percent_covered": 0.0, "percent_covered_display": "0", "missing_lines": 13, "excluded_lines": 0, "percent_statements_covered": 0.0, "percent_statements_covered_display": "0"}, "missing_lines": [66, 67, 68, 69, 70, 71, 72, 73, 74, 75, 76, 77, 78], "excluded_lines": [], "start_line": 65}, "CircuitBreaker.mark_success": {"executed_lines": [], "summary": {"covered_lines": 0, "num_statements": 7, "percent_covered": 0.0, "percent_covered_display": "0", "missing_lines": 7, "excluded_lines": 0, "percent_statements_covered": 0.0, "percent_statements_covered_display": "0"}, "missing_lines": [81, 82, 83, 84, 85, 86, 87], "excluded_lines": [], "start_line": 80}, "CircuitBreaker.mark_failure": {"executed_lines": [], "summary": {"covered_lines": 0, "num_statements": 9, "percent_covered": 0.0, "percent_covered_display": "0", "missing_lines": 9, "excluded_lines": 0, "percent_statements_covered": 0.0, "percent_statements_covered_display": "0"}, "missing_lines": [90, 91, 92, 93, 94, 95, 96, 97, 98], "excluded_lines": [], "start_line": 89}, "CircuitBreaker.call": {"executed_lines": [], "summary": {"covered_lines": 0, "num_statements": 9, "percent_covered": 0.0, "percent_covered_display": "0", "missing_lines": 9, "excluded_lines": 0, "percent_statements_covered": 0.0, "percent_statements_covered_display": "0"}, "missing_lines": [101, 102, 103, 104, 105, 106, 107, 108, 109], "excluded_lines": [], "start_line": 100}, "": {"executed_lines": [], "summary": {"covered_lines": 0, "num_statements": 16, "percent_covered": 0.0, "percent_covered_display": "0", "missing_lines": 16, "excluded_lines": 0, "percent_statements_covered": 0.0, "percent_statements_covered_display": "0"}, "missing_lines": [1, 3, 4, 5, 6, 7, 8, 11, 14, 15, 37, 51, 65, 80, 89, 100], "excluded_lines": [], "start_line": 1}}, "classes": {"CircuitBreaker": {"executed_lines": [], "summary": {"covered_lines": 0, "num_statements": 70, "percent_covered": 0.0, "percent_covered_display": "0", "missing_lines": 70, "excluded_lines": 0, "percent_statements_covered": 0.0, "percent_statements_covered_display": "0"}, "missing_lines": [23, 24, 25, 26, 27, 28, 29, 30, 31, 32, 33, 34, 35, 38, 39, 40, 41, 42, 43, 44, 45, 46, 47, 48, 49, 52, 53, 54, 55, 61, 62, 63, 66, 67, 68, 69, 70, 71, 72, 73, 74, 75, 76, 77, 78, 81, 82, 83, 84, 85, 86, 87, 90, 91, 92, 93, 94, 95, 96, 97, 98, 101, 102, 103, 104, 105, 106, 107, 108, 109], "excluded_lines": [], "start_line": 14}, "": {"executed_lines": [], "summary": {"covered_lines": 0, "num_statements": 16, "percent_covered": 0.0, "percent_covered_display": "0", "missing_lines": 16, "excluded_lines": 0, "percent_statements_covered": 0.0, "percent_statements_covered_display": "0"}, "missing_lines": [1, 3, 4, 5, 6, 7, 8, 11, 14, 15, 37, 51, 65, 80, 89, 100], "excluded_lines": [], "start_line": 1}}}, "core/cloud_sandbox_orchestrator.py": {"executed_lines": [], "summary": {"covered_lines": 0, "num_statements": 105, "percent_covered": 0.0, "percent_covered_display": "0", "missing_lines": 105, "excluded_lines": 0, "percent_statements_covered": 0.0, "percent_statements_covered_display": "0"}, "missing_lines": [11, 12, 13, 15, 16, 19, 24, 25, 26, 28, 29, 30, 31, 33, 38, 40, 41, 42, 43, 44, 46, 48, 49, 50, 51, 53, 54, 56, 57, 58, 59, 60, 61, 62, 63, 64, 65, 66, 68, 70, 71, 72, 73, 75, 76, 77, 78, 79, 80, 81, 82, 84, 85, 86, 87, 89, 90, 92, 93, 94, 95, 96, 97, 98, 99, 101, 102, 103, 104, 106, 107, 108, 109, 110, 111, 112, 113, 114, 115, 120, 125, 126, 129, 130, 140, 142, 143, 144, 146, 147, 149, 150, 151, 152, 153, 154, 157, 158, 159, 165, 166, 168, 169, 170, 171], "excluded_lines": [], "functions": {"CloudSandboxOrchestrator.__init__": {"executed_lines": [], "summary": {"covered_lines": 0, "num_statements": 8, "percent_covered": 0.0, "percent_covered_display": "0", "missing_lines": 8, "excluded_lines": 0, "percent_statements_covered": 0.0, "percent_statements_covered_display": "0"}, "missing_lines": [25, 26, 28, 29, 30, 31, 33, 38], "excluded_lines": [], "start_line": 24}, "CloudSandboxOrchestrator._get_base_url": {"executed_lines": [], "summary": {"covered_lines": 0, "num_statements": 5, "percent_covered": 0.0, "percent_covered_display": "0", "missing_lines": 5, "excluded_lines": 0, "percent_statements_covered": 0.0, "percent_statements_covered_display": "0"}, "missing_lines": [41, 42, 43, 44, 46], "excluded_lines": [], "start_line": 40}, "CloudSandboxOrchestrator.create_sandbox": {"executed_lines": [], "summary": {"covered_lines": 0, "num_statements": 17, "percent_covered": 0.0, "percent_covered_display": "0", "missing_lines": 17, "excluded_lines": 0, "percent_statements_covered": 0.0, "percent_statements_covered_display": "0"}, "missing_lines": [49, 50, 51, 53, 54, 56, 57, 58, 59, 60, 61, 62, 63, 64, 65, 66, 68], "excluded_lines": [], "start_line": 48}, "CloudSandboxOrchestrator.get_sandbox_status": {"executed_lines": [], "summary": {"covered_lines": 0, "num_statements": 11, "percent_covered": 0.0, "percent_covered_display": "0", "missing_lines": 11, "excluded_lines": 0, "percent_statements_covered": 0.0, "percent_statements_covered_display": "0"}, "missing_lines": [71, 72, 73, 75, 76, 77, 78, 79, 80, 81, 82], "excluded_lines": [], "start_line": 70}, "CloudSandboxOrchestrator.run_command": {"executed_lines": [], "summary": {"covered_lines": 0, "num_statements": 13, "percent_covered": 0.0, "percent_covered_display": "0", "missing_lines": 13, "excluded_lines": 0, "percent_statements_covered": 0.0, "percent_statements_covered_display": "0"}, "missing_lines": [85, 86, 87, 89, 90, 92, 93, 94, 95, 96, 97, 98, 99], "excluded_lines": [], "start_line": 84}, "CloudSandboxOrchestrator.destroy_sandbox": {"executed_lines": [], "summary": {"covered_lines": 0, "num_statements": 13, "percent_covered": 0.0, "percent_covered_display": "0", "missing_lines": 13, "excluded_lines": 0, "percent_statements_covered": 0.0, "percent_statements_covered_display": "0"}, "missing_lines": [102, 103, 104, 106, 107, 108, 109, 110, 111, 112, 113, 114, 115], "excluded_lines": [], "start_line": 101}, "CloudSandboxOrchestrator.delegate_to_freebuff": {"executed_lines": [], "summary": {"covered_lines": 0, "num_statements": 16, "percent_covered": 0.0, "percent_covered_display": "0", "missing_lines": 16, "excluded_lines": 0, "percent_statements_covered": 0.0, "percent_statements_covered_display": "0"}, "missing_lines": [125, 126, 129, 130, 140, 142, 143, 144, 146, 147, 149, 150, 151, 152, 153, 154], "excluded_lines": [], "start_line": 120}, "CloudSandboxOrchestrator._get_endpoint": {"executed_lines": [], "summary": {"covered_lines": 0, "num_statements": 4, "percent_covered": 0.0, "percent_covered_display": "0", "missing_lines": 4, "excluded_lines": 0, "percent_statements_covered": 0.0, "percent_statements_covered_display": "0"}, "missing_lines": [158, 159, 165, 166], "excluded_lines": [], "start_line": 157}, "CloudSandboxOrchestrator._prepare_creation_payload": {"executed_lines": [], "summary": {"covered_lines": 0, "num_statements": 3, "percent_covered": 0.0, "percent_covered_display": "0", "missing_lines": 3, "excluded_lines": 0, "percent_statements_covered": 0.0, "percent_statements_covered_display": "0"}, "missing_lines": [169, 170, 171], "excluded_lines": [], "start_line": 168}, "": {"executed_lines": [], "summary": {"covered_lines": 0, "num_statements": 15, "percent_covered": 0.0, "percent_covered_display": "0", "missing_lines": 15, "excluded_lines": 0, "percent_statements_covered": 0.0, "percent_statements_covered_display": "0"}, "missing_lines": [11, 12, 13, 15, 16, 19, 24, 40, 48, 70, 84, 101, 120, 157, 168], "excluded_lines": [], "start_line": 1}}, "classes": {"CloudSandboxOrchestrator": {"executed_lines": [], "summary": {"covered_lines": 0, "num_statements": 90, "percent_covered": 0.0, "percent_covered_display": "0", "missing_lines": 90, "excluded_lines": 0, "percent_statements_covered": 0.0, "percent_statements_covered_display": "0"}, "missing_lines": [25, 26, 28, 29, 30, 31, 33, 38, 41, 42, 43, 44, 46, 49, 50, 51, 53, 54, 56, 57, 58, 59, 60, 61, 62, 63, 64, 65, 66, 68, 71, 72, 73, 75, 76, 77, 78, 79, 80, 81, 82, 85, 86, 87, 89, 90, 92, 93, 94, 95, 96, 97, 98, 99, 102, 103, 104, 106, 107, 108, 109, 110, 111, 112, 113, 114, 115, 125, 126, 129, 130, 140, 142, 143, 144, 146, 147, 149, 150, 151, 152, 153, 154, 158, 159, 165, 166, 169, 170, 171], "excluded_lines": [], "start_line": 19}, "": {"executed_lines": [], "summary": {"covered_lines": 0, "num_statements": 15, "percent_covered": 0.0, "percent_covered_display": "0", "missing_lines": 15, "excluded_lines": 0, "percent_statements_covered": 0.0, "percent_statements_covered_display": "0"}, "missing_lines": [11, 12, 13, 15, 16, 19, 24, 40, 48, 70, 84, 101, 120, 157, 168], "excluded_lines": [], "start_line": 1}}}, "core/cloud_storage.py": {"executed_lines": [], "summary": {"covered_lines": 0, "num_statements": 29, "percent_covered": 0.0, "percent_covered_display": "0", "missing_lines": 29, "excluded_lines": 0, "percent_statements_covered": 0.0, "percent_statements_covered_display": "0"}, "missing_lines": [4, 5, 6, 8, 9, 12, 13, 15, 16, 17, 19, 23, 24, 25, 28, 29, 31, 33, 34, 36, 37, 38, 40, 41, 42, 44, 45, 46, 50], "excluded_lines": [], "functions": {"CloudStorageManager.__init__": {"executed_lines": [], "summary": {"covered_lines": 0, "num_statements": 3, "percent_covered": 0.0, "percent_covered_display": "0", "missing_lines": 3, "excluded_lines": 0, "percent_statements_covered": 0.0, "percent_statements_covered_display": "0"}, "missing_lines": [15, 16, 17], "excluded_lines": [], "start_line": 13}, "CloudStorageManager.upload_file_async": {"executed_lines": [], "summary": {"covered_lines": 0, "num_statements": 17, "percent_covered": 0.0, "percent_covered_display": "0", "missing_lines": 17, "excluded_lines": 0, "percent_statements_covered": 0.0, "percent_statements_covered_display": "0"}, "missing_lines": [23, 24, 25, 28, 29, 31, 33, 34, 36, 37, 38, 40, 41, 42, 44, 45, 46], "excluded_lines": [], "start_line": 19}, "": {"executed_lines": [], "summary": {"covered_lines": 0, "num_statements": 9, "percent_covered": 0.0, "percent_covered_display": "0", "missing_lines": 9, "excluded_lines": 0, "percent_statements_covered": 0.0, "percent_statements_covered_display": "0"}, "missing_lines": [4, 5, 6, 8, 9, 12, 13, 19, 50], "excluded_lines": [], "start_line": 1}}, "classes": {"CloudStorageManager": {"executed_lines": [], "summary": {"covered_lines": 0, "num_statements": 20, "percent_covered": 0.0, "percent_covered_display": "0", "missing_lines": 20, "excluded_lines": 0, "percent_statements_covered": 0.0, "percent_statements_covered_display": "0"}, "missing_lines": [15, 16, 17, 23, 24, 25, 28, 29, 31, 33, 34, 36, 37, 38, 40, 41, 42, 44, 45, 46], "excluded_lines": [], "start_line": 12}, "": {"executed_lines": [], "summary": {"covered_lines": 0, "num_statements": 9, "percent_covered": 0.0, "percent_covered_display": "0", "missing_lines": 9, "excluded_lines": 0, "percent_statements_covered": 0.0, "percent_statements_covered_display": "0"}, "missing_lines": [4, 5, 6, 8, 9, 12, 13, 19, 50], "excluded_lines": [], "start_line": 1}}}, "core/code_validator.py": {"executed_lines": [], "summary": {"covered_lines": 0, "num_statements": 128, "percent_covered": 0.0, "percent_covered_display": "0", "missing_lines": 128, "excluded_lines": 0, "percent_statements_covered": 0.0, "percent_statements_covered_display": "0"}, "missing_lines": [1, 2, 3, 4, 7, 8, 9, 16, 17, 23, 24, 25, 26, 27, 28, 30, 31, 32, 33, 34, 35, 36, 37, 39, 40, 41, 42, 43, 44, 45, 46, 47, 48, 49, 50, 51, 53, 54, 55, 56, 58, 59, 60, 62, 63, 64, 65, 66, 68, 69, 70, 71, 72, 73, 74, 75, 76, 77, 78, 79, 80, 81, 82, 83, 84, 87, 89, 90, 91, 92, 93, 95, 96, 97, 98, 99, 100, 101, 102, 103, 104, 105, 106, 107, 108, 109, 111, 113, 114, 115, 116, 117, 118, 119, 120, 121, 124, 125, 126, 128, 129, 130, 131, 144, 146, 147, 148, 149, 150, 152, 158, 159, 160, 162, 163, 165, 167, 168, 169, 170, 171, 172, 178, 179, 180, 181, 182, 187], "excluded_lines": [], "functions": {"AICodeValidator.validate_before_use": {"executed_lines": [], "summary": {"covered_lines": 0, "num_statements": 3, "percent_covered": 0.0, "percent_covered_display": "0", "missing_lines": 3, "excluded_lines": 0, "percent_statements_covered": 0.0, "percent_statements_covered_display": "0"}, "missing_lines": [9, 16, 17], "excluded_lines": [], "start_line": 8}, "AICodeValidator._check_syntax": {"executed_lines": [], "summary": {"covered_lines": 0, "num_statements": 5, "percent_covered": 0.0, "percent_covered_display": "0", "missing_lines": 5, "excluded_lines": 0, "percent_statements_covered": 0.0, "percent_statements_covered_display": "0"}, "missing_lines": [24, 25, 26, 27, 28], "excluded_lines": [], "start_line": 23}, "AICodeValidator._check_indentation": {"executed_lines": [], "summary": {"covered_lines": 0, "num_statements": 7, "percent_covered": 0.0, "percent_covered_display": "0", "missing_lines": 7, "excluded_lines": 0, "percent_statements_covered": 0.0, "percent_statements_covered_display": "0"}, "missing_lines": [31, 32, 33, 34, 35, 36, 37], "excluded_lines": [], "start_line": 30}, "AICodeValidator._check_imports_exist": {"executed_lines": [], "summary": {"covered_lines": 0, "num_statements": 12, "percent_covered": 0.0, "percent_covered_display": "0", "missing_lines": 12, "excluded_lines": 0, "percent_statements_covered": 0.0, "percent_statements_covered_display": "0"}, "missing_lines": [40, 41, 42, 43, 44, 45, 46, 47, 48, 49, 50, 51], "excluded_lines": [], "start_line": 39}, "AICodeValidator._module_exists": {"executed_lines": [], "summary": {"covered_lines": 0, "num_statements": 11, "percent_covered": 0.0, "percent_covered_display": "0", "missing_lines": 11, "excluded_lines": 0, "percent_statements_covered": 0.0, "percent_statements_covered_display": "0"}, "missing_lines": [54, 55, 56, 58, 59, 60, 62, 63, 64, 65, 66], "excluded_lines": [], "start_line": 53}, "AICodeValidator._check_variables_defined": {"executed_lines": [], "summary": {"covered_lines": 0, "num_statements": 22, "percent_covered": 0.0, "percent_covered_display": "0", "missing_lines": 22, "excluded_lines": 0, "percent_statements_covered": 0.0, "percent_statements_covered_display": "0"}, "missing_lines": [69, 70, 71, 72, 73, 74, 75, 76, 77, 78, 79, 80, 81, 82, 83, 84, 87, 89, 90, 91, 92, 93], "excluded_lines": [], "start_line": 68}, "AICodeValidator._check_loop_safety": {"executed_lines": [], "summary": {"covered_lines": 0, "num_statements": 14, "percent_covered": 0.0, "percent_covered_display": "0", "missing_lines": 14, "excluded_lines": 0, "percent_statements_covered": 0.0, "percent_statements_covered_display": "0"}, "missing_lines": [96, 97, 98, 99, 100, 101, 102, 103, 104, 105, 106, 107, 108, 109], "excluded_lines": [], "start_line": 95}, "AICodeValidator._auto_fix": {"executed_lines": [], "summary": {"covered_lines": 0, "num_statements": 9, "percent_covered": 0.0, "percent_covered_display": "0", "missing_lines": 9, "excluded_lines": 0, "percent_statements_covered": 0.0, "percent_statements_covered_display": "0"}, "missing_lines": [113, 114, 115, 116, 117, 118, 119, 120, 121], "excluded_lines": [], "start_line": 111}, "CodeValidator.__init__": {"executed_lines": [], "summary": {"covered_lines": 0, "num_statements": 1, "percent_covered": 0.0, "percent_covered_display": "0", "missing_lines": 1, "excluded_lines": 0, "percent_statements_covered": 0.0, "percent_statements_covered_display": "0"}, "missing_lines": [126], "excluded_lines": [], "start_line": 125}, "CodeValidator.validate_syntax": {"executed_lines": [], "summary": {"covered_lines": 0, "num_statements": 4, "percent_covered": 0.0, "percent_covered_display": "0", "missing_lines": 4, "excluded_lines": 0, "percent_statements_covered": 0.0, "percent_statements_covered_display": "0"}, "missing_lines": [129, 130, 131, 144], "excluded_lines": [], "start_line": 128}, "CodeValidator.validate_path": {"executed_lines": [], "summary": {"covered_lines": 0, "num_statements": 5, "percent_covered": 0.0, "percent_covered_display": "0", "missing_lines": 5, "excluded_lines": 0, "percent_statements_covered": 0.0, "percent_statements_covered_display": "0"}, "missing_lines": [147, 148, 149, 150, 152], "excluded_lines": [], "start_line": 146}, "CodeValidator.validate_url": {"executed_lines": [], "summary": {"covered_lines": 0, "num_statements": 5, "percent_covered": 0.0, "percent_covered_display": "0", "missing_lines": 5, "excluded_lines": 0, "percent_statements_covered": 0.0, "percent_statements_covered_display": "0"}, "missing_lines": [159, 160, 162, 163, 165], "excluded_lines": [], "start_line": 158}, "CodeValidator.validate": {"executed_lines": [], "summary": {"covered_lines": 0, "num_statements": 11, "percent_covered": 0.0, "percent_covered_display": "0", "missing_lines": 11, "excluded_lines": 0, "percent_statements_covered": 0.0, "percent_statements_covered_display": "0"}, "missing_lines": [168, 169, 170, 171, 172, 178, 179, 180, 181, 182, 187], "excluded_lines": [], "start_line": 167}, "": {"executed_lines": [], "summary": {"covered_lines": 0, "num_statements": 19, "percent_covered": 0.0, "percent_covered_display": "0", "missing_lines": 19, "excluded_lines": 0, "percent_statements_covered": 0.0, "percent_statements_covered_display": "0"}, "missing_lines": [1, 2, 3, 4, 7, 8, 23, 30, 39, 53, 68, 95, 111, 124, 125, 128, 146, 158, 167], "excluded_lines": [], "start_line": 1}}, "classes": {"AICodeValidator": {"executed_lines": [], "summary": {"covered_lines": 0, "num_statements": 83, "percent_covered": 0.0, "percent_covered_display": "0", "missing_lines": 83, "excluded_lines": 0, "percent_statements_covered": 0.0, "percent_statements_covered_display": "0"}, "missing_lines": [9, 16, 17, 24, 25, 26, 27, 28, 31, 32, 33, 34, 35, 36, 37, 40, 41, 42, 43, 44, 45, 46, 47, 48, 49, 50, 51, 54, 55, 56, 58, 59, 60, 62, 63, 64, 65, 66, 69, 70, 71, 72, 73, 74, 75, 76, 77, 78, 79, 80, 81, 82, 83, 84, 87, 89, 90, 91, 92, 93, 96, 97, 98, 99, 100, 101, 102, 103, 104, 105, 106, 107, 108, 109, 113, 114, 115, 116, 117, 118, 119, 120, 121], "excluded_lines": [], "start_line": 7}, "CodeValidator": {"executed_lines": [], "summary": {"covered_lines": 0, "num_statements": 26, "percent_covered": 0.0, "percent_covered_display": "0", "missing_lines": 26, "excluded_lines": 0, "percent_statements_covered": 0.0, "percent_statements_covered_display": "0"}, "missing_lines": [126, 129, 130, 131, 144, 147, 148, 149, 150, 152, 159, 160, 162, 163, 165, 168, 169, 170, 171, 172, 178, 179, 180, 181, 182, 187], "excluded_lines": [], "start_line": 124}, "": {"executed_lines": [], "summary": {"covered_lines": 0, "num_statements": 19, "percent_covered": 0.0, "percent_covered_display": "0", "missing_lines": 19, "excluded_lines": 0, "percent_statements_covered": 0.0, "percent_statements_covered_display": "0"}, "missing_lines": [1, 2, 3, 4, 7, 8, 23, 30, 39, 53, 68, 95, 111, 124, 125, 128, 146, 158, 167], "excluded_lines": [], "start_line": 1}}}, "core/config.py": {"executed_lines": [1, 2, 3, 5, 6, 7, 8, 9, 10, 11, 13, 16, 21, 22, 27, 28, 30, 31, 32, 33, 34, 35, 37, 38, 39, 41, 51, 52, 53, 54, 56, 64, 66, 67, 68, 70, 73, 76, 81, 85, 89, 91, 92, 93, 94, 95, 96, 97, 98, 100, 102, 103, 104, 105, 106, 107, 108, 109, 110, 111, 112, 113, 114, 116, 117, 118, 119, 120, 121, 122, 124, 125, 127, 128, 129, 130, 131, 133, 134, 135, 136, 137, 139, 141, 142, 143, 145, 150, 152, 153, 154, 156, 161, 163, 164, 165, 166, 167, 168, 170, 173, 174, 175, 176, 177, 179, 181, 182, 183, 184, 186, 194, 196, 213, 215], "summary": {"covered_lines": 115, "num_statements": 166, "percent_covered": 69.27710843373494, "percent_covered_display": "69", "missing_lines": 51, "excluded_lines": 0, "percent_statements_covered": 69.27710843373494, "percent_statements_covered_display": "69"}, "missing_lines": [17, 18, 57, 58, 59, 60, 61, 62, 63, 65, 69, 138, 146, 147, 148, 149, 157, 158, 159, 160, 169, 171, 178, 187, 188, 189, 190, 191, 192, 193, 197, 198, 199, 200, 201, 202, 203, 204, 205, 206, 207, 208, 209, 210, 216, 217, 219, 220, 221, 222, 223], "excluded_lines": [], "functions": {"Settings.sanitize_cors_origins": {"executed_lines": [54, 56, 64, 66, 67, 68, 70], "summary": {"covered_lines": 7, "num_statements": 16, "percent_covered": 43.75, "percent_covered_display": "44", "missing_lines": 9, "excluded_lines": 0, "percent_statements_covered": 43.75, "percent_statements_covered_display": "44"}, "missing_lines": [57, 58, 59, 60, 61, 62, 63, 65, 69], "excluded_lines": [], "start_line": 53}, "Settings.validate_env": {"executed_lines": [136, 137, 139], "summary": {"covered_lines": 3, "num_statements": 4, "percent_covered": 75.0, "percent_covered_display": "75", "missing_lines": 1, "excluded_lines": 0, "percent_statements_covered": 75.0, "percent_statements_covered_display": "75"}, "missing_lines": [138], "excluded_lines": [], "start_line": 135}, "Settings.parse_admin_emails": {"executed_lines": [145, 150], "summary": {"covered_lines": 2, "num_statements": 6, "percent_covered": 33.333333333333336, "percent_covered_display": "33", "missing_lines": 4, "excluded_lines": 0, "percent_statements_covered": 33.333333333333336, "percent_statements_covered_display": "33"}, "missing_lines": [146, 147, 148, 149], "excluded_lines": [], "start_line": 143}, "Settings.parse_allowed_hosts": {"executed_lines": [156, 161], "summary": {"covered_lines": 2, "num_statements": 6, "percent_covered": 33.333333333333336, "percent_covered_display": "33", "missing_lines": 4, "excluded_lines": 0, "percent_statements_covered": 33.333333333333336, "percent_statements_covered_display": "33"}, "missing_lines": [157, 158, 159, 160], "excluded_lines": [], "start_line": 154}, "Settings.set_test_secret": {"executed_lines": [166, 167, 168, 170], "summary": {"covered_lines": 4, "num_statements": 6, "percent_covered": 66.66666666666667, "percent_covered_display": "67", "missing_lines": 2, "excluded_lines": 0, "percent_statements_covered": 66.66666666666667, "percent_statements_covered_display": "67"}, "missing_lines": [169, 171], "excluded_lines": [], "start_line": 165}, "Settings.debug_must_be_false_in_production": {"executed_lines": [176, 177, 179], "summary": {"covered_lines": 3, "num_statements": 4, "percent_covered": 75.0, "percent_covered_display": "75", "missing_lines": 1, "excluded_lines": 0, "percent_statements_covered": 75.0, "percent_statements_covered_display": "75"}, "missing_lines": [178], "excluded_lines": [], "start_line": 175}, "Settings.parse_cors_origins": {"executed_lines": [184, 186, 194], "summary": {"covered_lines": 3, "num_statements": 10, "percent_covered": 30.0, "percent_covered_display": "30", "missing_lines": 7, "excluded_lines": 0, "percent_statements_covered": 30.0, "percent_statements_covered_display": "30"}, "missing_lines": [187, 188, 189, 190, 191, 192, 193], "excluded_lines": [], "start_line": 183}, "Settings.validate_config": {"executed_lines": [], "summary": {"covered_lines": 0, "num_statements": 14, "percent_covered": 0.0, "percent_covered_display": "0", "missing_lines": 14, "excluded_lines": 0, "percent_statements_covered": 0.0, "percent_statements_covered_display": "0"}, "missing_lines": [197, 198, 199, 200, 201, 202, 203, 204, 205, 206, 207, 208, 209, 210], "excluded_lines": [], "start_line": 196}, "": {"executed_lines": [1, 2, 3, 5, 6, 7, 8, 9, 10, 11, 13, 16, 21, 22, 27, 28, 30, 31, 32, 33, 34, 35, 37, 38, 39, 41, 51, 52, 53, 73, 76, 81, 85, 89, 91, 92, 93, 94, 95, 96, 97, 98, 100, 102, 103, 104, 105, 106, 107, 108, 109, 110, 111, 112, 113, 114, 116, 117, 118, 119, 120, 121, 122, 124, 125, 127, 128, 129, 130, 131, 133, 134, 135, 141, 142, 143, 152, 153, 154, 163, 164, 165, 173, 174, 175, 181, 182, 183, 196, 213, 215], "summary": {"covered_lines": 91, "num_statements": 100, "percent_covered": 91.0, "percent_covered_display": "91", "missing_lines": 9, "excluded_lines": 0, "percent_statements_covered": 91.0, "percent_statements_covered_display": "91"}, "missing_lines": [17, 18, 216, 217, 219, 220, 221, 222, 223], "excluded_lines": [], "start_line": 1}}, "classes": {"Settings": {"executed_lines": [54, 56, 64, 66, 67, 68, 70, 136, 137, 139, 145, 150, 156, 161, 166, 167, 168, 170, 176, 177, 179, 184, 186, 194], "summary": {"covered_lines": 24, "num_statements": 66, "percent_covered": 36.36363636363637, "percent_covered_display": "36", "missing_lines": 42, "excluded_lines": 0, "percent_statements_covered": 36.36363636363637, "percent_statements_covered_display": "36"}, "missing_lines": [57, 58, 59, 60, 61, 62, 63, 65, 69, 138, 146, 147, 148, 149, 157, 158, 159, 160, 169, 171, 178, 187, 188, 189, 190, 191, 192, 193, 197, 198, 199, 200, 201, 202, 203, 204, 205, 206, 207, 208, 209, 210], "excluded_lines": [], "start_line": 21}, "": {"executed_lines": [1, 2,
[...]
nts_covered_display": "0"}, "missing_lines": [31, 32, 33, 34, 35, 36, 37], "excluded_lines": [], "start_line": 29}, "TokenDeductor._acquire_distributed_lock": {"executed_lines": [], "summary": {"covered_lines": 0, "num_statements": 7, "percent_covered": 0.0, "percent_covered_display": "0", "missing_lines": 7, "excluded_lines": 0, "percent_statements_covered": 0.0, "percent_statements_covered_display": "0"}, "missing_lines": [44, 46, 48, 50, 51, 52, 53], "excluded_lines": [], "start_line": 39}, "TokenDeductor._release_distributed_lock": {"executed_lines": [], "summary": {"covered_lines": 0, "num_statements": 7, "percent_covered": 0.0, "percent_covered_display": "0", "missing_lines": 7, "excluded_lines": 0, "percent_statements_covered": 0.0, "percent_statements_covered_display": "0"}, "missing_lines": [59, 60, 61, 63, 70, 71, 72], "excluded_lines": [], "start_line": 55}, "TokenDeductor.deduct_tokens": {"executed_lines": [], "summary": {"covered_lines": 0, "num_statements": 42, "percent_covered": 0.0, "percent_covered_display": "0", "missing_lines": 42, "excluded_lines": 0, "percent_statements_covered": 0.0, "percent_statements_covered_display": "0"}, "missing_lines": [78, 79, 82, 83, 84, 85, 86, 87, 89, 90, 91, 93, 95, 96, 97, 100, 102, 103, 105, 106, 107, 109, 110, 111, 112, 115, 116, 118, 119, 120, 123, 124, 131, 136, 137, 139, 140, 141, 142, 143, 144, 146], "excluded_lines": [], "start_line": 74}, "TokenDeductor.deduct_byoc_deployment": {"executed_lines": [], "summary": {"covered_lines": 0, "num_statements": 38, "percent_covered": 0.0, "percent_covered_display": "0", "missing_lines": 38, "excluded_lines": 0, "percent_statements_covered": 0.0, "percent_statements_covered_display": "0"}, "missing_lines": [152, 153, 155, 156, 157, 158, 159, 160, 162, 163, 165, 166, 167, 169, 171, 172, 174, 175, 177, 178, 179, 181, 182, 184, 185, 186, 188, 189, 196, 198, 199, 201, 202, 203, 204, 205, 206, 208], "excluded_lines": [], "start_line": 148}, "": {"executed_lines": [], "summary": {"covered_lines": 0, "num_statements": 19, "percent_covered": 0.0, "percent_covered_display": "0", "missing_lines": 19, "excluded_lines": 0, "percent_statements_covered": 0.0, "percent_statements_covered_display": "0"}, "missing_lines": [4, 5, 6, 7, 8, 10, 11, 12, 13, 15, 16, 17, 20, 23, 29, 39, 55, 74, 148], "excluded_lines": [], "start_line": 1}}, "classes": {"TokenDeductor": {"executed_lines": [], "summary": {"covered_lines": 0, "num_statements": 101, "percent_covered": 0.0, "percent_covered_display": "0", "missing_lines": 101, "excluded_lines": 0, "percent_statements_covered": 0.0, "percent_statements_covered_display": "0"}, "missing_lines": [31, 32, 33, 34, 35, 36, 37, 44, 46, 48, 50, 51, 52, 53, 59, 60, 61, 63, 70, 71, 72, 78, 79, 82, 83, 84, 85, 86, 87, 89, 90, 91, 93, 95, 96, 97, 100, 102, 103, 105, 106, 107, 109, 110, 111, 112, 115, 116, 118, 119, 120, 123, 124, 131, 136, 137, 139, 140, 141, 142, 143, 144, 146, 152, 153, 155, 156, 157, 158, 159, 160, 162, 163, 165, 166, 167, 169, 171, 172, 174, 175, 177, 178, 179, 181, 182, 184, 185, 186, 188, 189, 196, 198, 199, 201, 202, 203, 204, 205, 206, 208], "excluded_lines": [], "start_line": 23}, "": {"executed_lines": [], "summary": {"covered_lines": 0, "num_statements": 19, "percent_covered": 0.0, "percent_covered_display": "0", "missing_lines": 19, "excluded_lines": 0, "percent_statements_covered": 0.0, "percent_statements_covered_display": "0"}, "missing_lines": [4, 5, 6, 7, 8, 10, 11, 12, 13, 15, 16, 17, 20, 23, 29, 39, 55, 74, 148], "excluded_lines": [], "start_line": 1}}}, "core/universal_rules.py": {"executed_lines": [], "summary": {"covered_lines": 0, "num_statements": 52, "percent_covered": 0.0, "percent_covered_display": "0", "missing_lines": 52, "excluded_lines": 0, "percent_statements_covered": 0.0, "percent_statements_covered_display": "0"}, "missing_lines": [1, 2, 3, 4, 7, 13, 14, 16, 17, 19, 21, 23, 25, 26, 27, 28, 29, 31, 34, 59, 60, 61, 62, 63, 64, 66, 68, 70, 71, 72, 73, 75, 76, 77, 79, 80, 81, 82, 84, 90, 91, 92, 93, 96, 97, 98, 99, 100, 102, 103, 104, 106], "excluded_lines": [], "functions": {"UniversalRulesEngine.__init__": {"executed_lines": [], "summary": {"covered_lines": 0, "num_statements": 5, "percent_covered": 0.0, "percent_covered_display": "0", "missing_lines": 5, "excluded_lines": 0, "percent_statements_covered": 0.0, "percent_statements_covered_display": "0"}, "missing_lines": [14, 16, 17, 19, 21], "excluded_lines": [], "start_line": 13}, "UniversalRulesEngine._load_rules": {"executed_lines": [], "summary": {"covered_lines": 0, "num_statements": 14, "percent_covered": 0.0, "percent_covered_display": "0", "missing_lines": 14, "excluded_lines": 0, "percent_statements_covered": 0.0, "percent_statements_covered_display": "0"}, "missing_lines": [25, 26, 27, 28, 29, 31, 34, 59, 60, 61, 62, 63, 64, 66], "excluded_lines": [], "start_line": 23}, "UniversalRulesEngine.save_rules": {"executed_lines": [], "summary": {"covered_lines": 0, "num_statements": 11, "percent_covered": 0.0, "percent_covered_display": "0", "missing_lines": 11, "excluded_lines": 0, "percent_statements_covered": 0.0, "percent_statements_covered_display": "0"}, "missing_lines": [70, 71, 72, 73, 75, 76, 77, 79, 80, 81, 82], "excluded_lines": [], "start_line": 68}, "UniversalRulesEngine.apply": {"executed_lines": [], "summary": {"covered_lines": 0, "num_statements": 13, "percent_covered": 0.0, "percent_covered_display": "0", "missing_lines": 13, "excluded_lines": 0, "percent_statements_covered": 0.0, "percent_statements_covered_display": "0"}, "missing_lines": [90, 91, 92, 93, 96, 97, 98, 99, 100, 102, 103, 104, 106], "excluded_lines": [], "start_line": 84}, "": {"executed_lines": [], "summary": {"covered_lines": 0, "num_statements": 9, "percent_covered": 0.0, "percent_covered_display": "0", "missing_lines": 9, "excluded_lines": 0, "percent_statements_covered": 0.0, "percent_statements_covered_display": "0"}, "missing_lines": [1, 2, 3, 4, 7, 13, 23, 68, 84], "excluded_lines": [], "start_line": 1}}, "classes": {"UniversalRulesEngine": {"executed_lines": [], "summary": {"covered_lines": 0, "num_statements": 43, "percent_covered": 0.0, "percent_covered_display": "0", "missing_lines": 43, "excluded_lines": 0, "percent_statements_covered": 0.0, "percent_statements_covered_display": "0"}, "missing_lines": [14, 16, 17, 19, 21, 25, 26, 27, 28, 29, 31, 34, 59, 60, 61, 62, 63, 64, 66, 70, 71, 72, 73, 75, 76, 77, 79, 80, 81, 82, 90, 91, 92, 93, 96, 97, 98, 99, 100, 102, 103, 104, 106], "excluded_lines": [], "start_line": 7}, "": {"executed_lines": [], "summary": {"covered_lines": 0, "num_statements": 9, "percent_covered": 0.0, "percent_covered_display": "0", "missing_lines": 9, "excluded_lines": 0, "percent_statements_covered": 0.0, "percent_statements_covered_display": "0"}, "missing_lines": [1, 2, 3, 4, 7, 13, 23, 68, 84], "excluded_lines": [], "start_line": 1}}}, "core/upload_validator.py": {"executed_lines": [], "summary": {"covered_lines": 0, "num_statements": 24, "percent_covered": 0.0, "percent_covered_display": "0", "missing_lines": 24, "excluded_lines": 0, "percent_statements_covered": 0.0, "percent_statements_covered_display": "0"}, "missing_lines": [3, 4, 7, 8, 32, 33, 34, 37, 38, 39, 40, 41, 42, 43, 44, 45, 46, 47, 48, 49, 50, 51, 52, 56], "excluded_lines": [], "functions": {"UploadValidationError.__init__": {"executed_lines": [], "summary": {"covered_lines": 0, "num_statements": 1, "percent_covered": 0.0, "percent_covered_display": "0", "missing_lines": 1, "excluded_lines": 0, "percent_statements_covered": 0.0, "percent_statements_covered_display": "0"}, "missing_lines": [34], "excluded_lines": [], "start_line": 33}, "validate_upload": {"executed_lines": [], "summary": {"covered_lines": 0, "num_statements": 16, "percent_covered": 0.0, "percent_covered_display": "0", "missing_lines": 16, "excluded_lines": 0, "percent_statements_covered": 0.0, "percent_statements_covered_display": "0"}, "missing_lines": [38, 39, 40, 41, 42, 43, 44, 45, 46, 47, 48, 49, 50, 51, 52, 56], "excluded_lines": [], "start_line": 37}, "": {"executed_lines": [], "summary": {"covered_lines": 0, "num_statements": 7, "percent_covered": 0.0, "percent_covered_display": "0", "missing_lines": 7, "excluded_lines": 0, "percent_statements_covered": 0.0, "percent_statements_covered_display": "0"}, "missing_lines": [3, 4, 7, 8, 32, 33, 37], "excluded_lines": [], "start_line": 1}}, "classes": {"UploadValidationError": {"executed_lines": [], "summary": {"covered_lines": 0, "num_statements": 1, "percent_covered": 0.0, "percent_covered_display": "0", "missing_lines": 1, "excluded_lines": 0, "percent_statements_covered": 0.0, "percent_statements_covered_display": "0"}, "missing_lines": [34], "excluded_lines": [], "start_line": 32}, "": {"executed_lines": [], "summary": {"covered_lines": 0, "num_statements": 23, "percent_covered": 0.0, "percent_covered_display": "0", "missing_lines": 23, "excluded_lines": 0, "percent_statements_covered": 0.0, "percent_statements_covered_display": "0"}, "missing_lines": [3, 4, 7, 8, 32, 33, 37, 38, 39, 40, 41, 42, 43, 44, 45, 46, 47, 48, 49, 50, 51, 52, 56], "excluded_lines": [], "start_line": 1}}}, "core/upstash_redis_queue.py": {"executed_lines": [], "summary": {"covered_lines": 0, "num_statements": 120, "percent_covered": 0.0, "percent_covered_display": "0", "missing_lines": 120, "excluded_lines": 0, "percent_statements_covered": 0.0, "percent_statements_covered_display": "0"}, "missing_lines": [1, 3, 4, 6, 7, 10, 11, 17, 18, 19, 20, 22, 23, 24, 26, 27, 28, 29, 34, 35, 38, 39, 40, 41, 42, 43, 44, 45, 47, 48, 49, 50, 53, 54, 55, 56, 57, 58, 59, 60, 61, 62, 63, 65, 66, 67, 68, 69, 70, 71, 72, 74, 75, 76, 77, 78, 79, 80, 81, 82, 83, 84, 85, 87, 88, 89, 90, 91, 92, 93, 94, 95, 97, 98, 99, 100, 101, 102, 103, 104, 105, 107, 108, 109, 110, 111, 112, 113, 114, 115, 117, 118, 119, 120, 121, 122, 123, 124, 125, 127, 128, 129, 130, 131, 132, 133, 134, 135, 137, 138, 139, 140, 141, 142, 143, 144, 146, 147, 148, 149], "excluded_lines": [], "functions": {"UpstashRedisQueue.__init__": {"executed_lines": [], "summary": {"covered_lines": 0, "num_statements": 4, "percent_covered": 0.0, "percent_covered_display": "0", "missing_lines": 4, "excluded_lines": 0, "percent_statements_covered": 0.0, "percent_statements_covered_display": "0"}, "missing_lines": [17, 18, 19, 20], "excluded_lines": [], "start_line": 11}, "UpstashRedisQueue.configured": {"executed_lines": [], "summary": {"covered_lines": 0, "num_statements": 1, "percent_covered": 0.0, "percent_covered_display": "0", "missing_lines": 1, "excluded_lines": 0, "percent_statements_covered": 0.0, "percent_statements_covered_display": "0"}, "missing_lines": [24], "excluded_lines": [], "start_line": 23}, "UpstashRedisQueue._request": {"executed_lines": [], "summary": {"covered_lines": 0, "num_statements": 5, "percent_covered": 0.0, "percent_covered_display": "0", "missing_lines": 5, "excluded_lines": 0, "percent_statements_covered": 0.0, "percent_statements_covered_display": "0"}, "missing_lines": [27, 28, 29, 34, 35], "excluded_lines": [], "start_line": 26}, "UpstashRedisQueue.set_nx": {"executed_lines": [], "summary": {"covered_lines": 0, "num_statements": 11, "percent_covered": 0.0, "percent_covered_display": "0", "missing_lines": 11, "excluded_lines": 0, "percent_statements_covered": 0.0, "percent_statements_covered_display": "0"}, "missing_lines": [39, 40, 41, 42, 43, 44, 45, 47, 48, 49, 50], "excluded_lines": [], "start_line": 38}, "UpstashRedisQueue.eval": {"executed_lines": [], "summary": {"covered_lines": 0, "num_statements": 10, "percent_covered": 0.0, "percent_covered_display": "0", "missing_lines": 10, "excluded_lines": 0, "percent_statements_covered": 0.0, "percent_statements_covered_display": "0"}, "missing_lines": [54, 55, 56, 57, 58, 59, 60, 61, 62, 63], "excluded_lines": [], "start_line": 53}, "UpstashRedisQueue.get": {"executed_lines": [], "summary": {"covered_lines": 0, "num_statements": 7, "percent_covered": 0.0, "percent_covered_display": "0", "missing_lines": 7, "excluded_lines": 0, "percent_statements_covered": 0.0, "percent_statements_covered_display": "0"}, "missing_lines": [66, 67, 68, 69, 70, 71, 72], "excluded_lines": [], "start_line": 65}, "UpstashRedisQueue.set": {"executed_lines": [], "summary": {"covered_lines": 0, "num_statements": 11, "percent_covered": 0.0, "percent_covered_display": "0", "missing_lines": 11, "excluded_lines": 0, "percent_statements_covered": 0.0, "percent_statements_covered_display": "0"}, "missing_lines": [75, 76, 77, 78, 79, 80, 81, 82, 83, 84, 85], "excluded_lines": [], "start_line": 74}, "UpstashRedisQueue.incr": {"executed_lines": [], "summary": {"covered_lines": 0, "num_statements": 8, "percent_covered": 0.0, "percent_covered_display": "0", "missing_lines": 8, "excluded_lines": 0, "percent_statements_covered": 0.0, "percent_statements_covered_display": "0"}, "missing_lines": [88, 89, 90, 91, 92, 93, 94, 95], "excluded_lines": [], "start_line": 87}, "UpstashRedisQueue.decr": {"executed_lines": [], "summary": {"covered_lines": 0, "num_statements": 8, "percent_covered": 0.0, "percent_covered_display": "0", "missing_lines": 8, "excluded_lines": 0, "percent_statements_covered": 0.0, "percent_statements_covered_display": "0"}, "missing_lines": [98, 99, 100, 101, 102, 103, 104, 105], "excluded_lines": [], "start_line": 97}, "UpstashRedisQueue.expire": {"executed_lines": [], "summary": {"covered_lines": 0, "num_statements": 8, "percent_covered": 0.0, "percent_covered_display": "0", "missing_lines": 8, "excluded_lines": 0, "percent_statements_covered": 0.0, "percent_statements_covered_display": "0"}, "missing_lines": [108, 109, 110, 111, 112, 113, 114, 115], "excluded_lines": [], "start_line": 107}, "UpstashRedisQueue.publish": {"executed_lines": [], "summary": {"covered_lines": 0, "num_statements": 8, "percent_covered": 0.0, "percent_covered_display": "0", "missing_lines": 8, "excluded_lines": 0, "percent_statements_covered": 0.0, "percent_statements_covered_display": "0"}, "missing_lines": [118, 119, 120, 121, 122, 123, 124, 125], "excluded_lines": [], "start_line": 117}, "UpstashRedisQueue.lpush": {"executed_lines": [], "summary": {"covered_lines": 0, "num_statements": 8, "percent_covered": 0.0, "percent_covered_display": "0", "missing_lines": 8, "excluded_lines": 0, "percent_statements_covered": 0.0, "percent_statements_covered_display": "0"}, "missing_lines": [128, 129, 130, 131, 132, 133, 134, 135], "excluded_lines": [], "start_line": 127}, "UpstashRedisQueue.rpop": {"executed_lines": [], "summary": {"covered_lines": 0, "num_statements": 7, "percent_covered": 0.0, "percent_covered_display": "0", "missing_lines": 7, "excluded_lines": 0, "percent_statements_covered": 0.0, "percent_statements_covered_display": "0"}, "missing_lines": [138, 139, 140, 141, 142, 143, 144], "excluded_lines": [], "start_line": 137}, "UpstashRedisQueue.close": {"executed_lines": [], "summary": {"covered_lines": 0, "num_statements": 3, "percent_covered": 0.0, "percent_covered_display": "0", "missing_lines": 3, "excluded_lines": 0, "percent_statements_covered": 0.0, "percent_statements_covered_display": "0"}, "missing_lines": [147, 148, 149], "excluded_lines": [], "start_line": 146}, "": {"executed_lines": [], "summary": {"covered_lines": 0, "num_statements": 21, "percent_covered": 0.0, "percent_covered_display": "0", "missing_lines": 21, "excluded_lines": 0, "percent_statements_covered": 0.0, "percent_statements_covered_display": "0"}, "missing_lines": [1, 3, 4, 6, 7, 10, 11, 22, 23, 26, 38, 53, 65, 74, 87, 97, 107, 117, 127, 137, 146], "excluded_lines": [], "start_line": 1}}, "classes": {"UpstashRedisQueue": {"executed_lines": [], "summary": {"covered_lines": 0, "num_statements": 99, "percent_covered": 0.0, "percent_covered_display": "0", "missing_lines": 99, "excluded_lines": 0, "percent_statements_covered": 0.0, "percent_statements_covered_display": "0"}, "missing_lines": [17, 18, 19, 20, 24, 27, 28, 29, 34, 35, 39, 40, 41, 42, 43, 44, 45, 47, 48, 49, 50, 54, 55, 56, 57, 58, 59, 60, 61, 62, 63, 66, 67, 68, 69, 70, 71, 72, 75, 76, 77, 78, 79, 80, 81, 82, 83, 84, 85, 88, 89, 90, 91, 92, 93, 94, 95, 98, 99, 100, 101, 102, 103, 104, 105, 108, 109, 110, 111, 112, 113, 114, 115, 118, 119, 120, 121, 122, 123, 124, 125, 128, 129, 130, 131, 132, 133, 134, 135, 138, 139, 140, 141, 142, 143, 144, 147, 148, 149], "excluded_lines": [], "start_line": 10}, "": {"executed_lines": [], "summary": {"covered_lines": 0, "num_statements": 21, "percent_covered": 0.0, "percent_covered_display": "0", "missing_lines": 21, "excluded_lines": 0, "percent_statements_covered": 0.0, "percent_statements_covered_display": "0"}, "missing_lines": [1, 3, 4, 6, 7, 10, 11, 22, 23, 26, 38, 53, 65, 74, 87, 97, 107, 117, 127, 137, 146], "excluded_lines": [], "start_line": 1}}}, "core/user_profiler.py": {"executed_lines": [], "summary": {"covered_lines": 0, "num_statements": 22, "percent_covered": 0.0, "percent_covered_display": "0", "missing_lines": 22, "excluded_lines": 0, "percent_statements_covered": 0.0, "percent_statements_covered_display": "0"}, "missing_lines": [1, 2, 3, 4, 6, 9, 10, 11, 12, 15, 16, 17, 18, 19, 20, 21, 24, 25, 27, 28, 30, 31], "excluded_lines": [], "functions": {"UserProfiler.classify_user": {"executed_lines": [], "summary": {"covered_lines": 0, "num_statements": 1, "percent_covered": 0.0, "percent_covered_display": "0", "missing_lines": 1, "excluded_lines": 0, "percent_statements_covered": 0.0, "percent_statements_covered_display": "0"}, "missing_lines": [28], "excluded_lines": [], "start_line": 27}, "UserProfiler.update_from_history": {"executed_lines": [], "summary": {"covered_lines": 0, "num_statements": 1, "percent_covered": 0.0, "percent_covered_display": "0", "missing_lines": 1, "excluded_lines": 0, "percent_statements_covered": 0.0, "percent_statements_covered_display": "0"}, "missing_lines": [31], "excluded_lines": [], "start_line": 30}, "": {"executed_lines": [], "summary": {"covered_lines": 0, "num_statements": 20, "percent_covered": 0.0, "percent_covered_display": "0", "missing_lines": 20, "excluded_lines": 0, "percent_statements_covered": 0.0, "percent_statements_covered_display": "0"}, "missing_lines": [1, 2, 3, 4, 6, 9, 10, 11, 12, 15, 16, 17, 18, 19, 20, 21, 24, 25, 27, 30], "excluded_lines": [], "start_line": 1}}, "classes": {"UserMode": {"executed_lines": [], "summary": {"covered_lines": 0, "num_statements": 0, "percent_covered": 100.0, "percent_covered_display": "100", "missing_lines": 0, "excluded_lines": 0, "percent_statements_covered": 100.0, "percent_statements_covered_display": "100"}, "missing_lines": [], "excluded_lines": [], "start_line": 9}, "UserProfile": {"executed_lines": [], "summary": {"covered_lines": 0, "num_statements": 0, "percent_covered": 100.0, "percent_covered_display": "100", "missing_lines": 0, "excluded_lines": 0, "percent_statements_covered": 100.0, "percent_statements_covered_display": "100"}, "missing_lines": [], "excluded_lines": [], "start_line": 16}, "UserProfiler": {"executed_lines": [], "summary": {"covered_lines": 0, "num_statements": 2, "percent_covered": 0.0, "percent_covered_display": "0", "missing_lines": 2, "excluded_lines": 0, "percent_statements_covered": 0.0, "percent_statements_covered_display": "0"}, "missing_lines": [28, 31], "excluded_lines": [], "start_line": 24}, "": {"executed_lines": [], "summary": {"covered_lines": 0, "num_statements": 20, "percent_covered": 0.0, "percent_covered_display": "0", "missing_lines": 20, "excluded_lines": 0, "percent_statements_covered": 0.0, "percent_statements_covered_display": "0"}, "missing_lines": [1, 2, 3, 4, 6, 9, 10, 11, 12, 15, 16, 17, 18, 19, 20, 21, 24, 25, 27, 30], "excluded_lines": [], "start_line": 1}}}}, "totals": {"covered_lines": 234, "num_statements": 5392, "percent_covered": 4.339762611275964, "percent_covered_display": "4", "missing_lines": 5158, "excluded_lines": 10, "percent_statements_covered": 4.339762611275964, "percent_statements_covered_display": "4"}}