{"meta": {"format": 3, "version": "7.15.0", "timestamp": "2026-07-04T11:11:50.550187", "branch_coverage": true, "show_contexts": false}, "files": {"core/__init__.py": {"executed_lines": [], "summary": {"covered_lines": 0, "num_statements": 0, "percent_covered": 100.0, "percent_covered_display": "100", "missing_lines": 0, "excluded_lines": 0, "percent_statements_covered": 100.0, "percent_statements_covered_display": "100", "num_branches": 0, "num_partial_branches": 0, "covered_branches": 0, "missing_branches": 0, "percent_branches_covered": 100.0, "percent_branches_covered_display": "100"}, "missing_lines": [], "excluded_lines": [], "executed_branches": [], "missing_branches": [], "functions": {"": {"executed_lines": [], "summary": {"covered_lines": 0, "num_statements": 0, "percent_covered": 100.0, "percent_covered_display": "100", "missing_lines": 0, "excluded_lines": 0, "percent_statements_covered": 100.0, "percent_statements_covered_display": "100", "num_branches": 0, "num_partial_branches": 0, "covered_branches": 0, "missing_branches": 0, "percent_branches_covered": 100.0, "percent_branches_covered_display": "100"}, "missing_lines": [], "excluded_lines": [], "start_line": 1, "executed_branches": [], "missing_branches": []}}, "classes": {"": {"executed_lines": [], "summary": {"covered_lines": 0, "num_statements": 0, "percent_covered": 100.0, "percent_covered_display": "100", "missing_lines": 0, "excluded_lines": 0, "percent_statements_covered": 100.0, "percent_statements_covered_display": "100", "num_branches": 0, "num_partial_branches": 0, "covered_branches": 0, "missing_branches": 0, "percent_branches_covered": 100.0, "percent_branches_covered_display": "100"}, "missing_lines": [], "excluded_lines": [], "start_line": 1, "executed_branches": [], "missing_branches": []}}}, "core/config.py": {"executed_lines": [1, 2, 3, 5, 6, 7, 8, 9, 10, 11, 13, 16, 21, 22, 27, 28, 30, 31, 32, 33, 34, 35, 37, 38, 39, 41, 51, 52, 53, 54, 56, 64, 66, 67, 68, 70, 73, 76, 81, 85, 89, 91, 92, 93, 94, 95, 96, 97, 98, 100, 102, 103, 104, 105, 106, 107, 108, 109, 110, 111, 112, 113, 114, 116, 117, 118, 119, 120, 121, 122, 124, 125, 127, 128, 129, 130, 131, 133, 134, 135, 136, 137, 139, 141, 142, 143, 145, 150, 152, 153, 154, 156, 161, 163, 164, 165, 166, 167, 168, 169, 170, 173, 174, 175, 176, 177, 178, 179, 181, 182, 183, 184, 186, 194, 196, 213, 215], "summary": {"covered_lines": 117, "num_statements": 166, "percent_covered": 61.21495327102804, "percent_covered_display": "61", "missing_lines": 49, "excluded_lines": 0, "percent_statements_covered": 70.48192771084338, "percent_statements_covered_display": "70", "num_branches": 48, "num_partial_branches": 10, "covered_branches": 14, "missing_branches": 34, "percent_branches_covered": 29.166666666666668, "percent_branches_covered_display": "29"}, "missing_lines": [17, 18, 57, 58, 59, 60, 61, 62, 63, 65, 69, 138, 146, 147, 148, 149, 157, 158, 159, 160, 171, 187, 188, 189, 190, 191, 192, 193, 197, 198, 199, 200, 201, 202, 203, 204, 205, 206, 207, 208, 209, 210, 216, 217, 219, 220, 221, 222, 223], "excluded_lines": [], "executed_branches": [[16, 21], [56, 64], [64, 66], [68, 70], [137, 139], [145, 150], [156, 161], [167, 168], [168, 169], [168, 170], [177, 178], [177, 179], [186, 194], [215, -1]], "missing_branches": [[16, 17], [56, 57], [58, 59], [58, 60], [64, 65], [68, 69], [137, 138], [145, 146], [147, 148], [147, 149], [156, 157], [158, 159], [158, 160], [167, 171], [186, 187], [188, 189], [188, 190], [197, -196], [197, 198], [199, 200], [199, 201], [201, 202], [201, 203], [203, 204], [203, 205], [205, 206], [205, 207], [207, 208], [207, 209], [209, -196], [209, 210], [215, 216], [219, -1], [219, 220]], "functions": {"Settings.sanitize_cors_origins": {"executed_lines": [54, 56, 64, 66, 67, 68, 70], "summary": {"covered_lines": 7, "num_statements": 16, "percent_covered": 41.666666666666664, "percent_covered_display": "42", "missing_lines": 9, "excluded_lines": 0, "percent_statements_covered": 43.75, "percent_statements_covered_display": "44", "num_branches": 8, "num_partial_branches": 3, "covered_branches": 3, "missing_branches": 5, "percent_branches_covered": 37.5, "percent_branches_covered_display": "38"}, "missing_lines": [57, 58, 59, 60, 61, 62, 63, 65, 69], "excluded_lines": [], "start_line": 53, "executed_branches": [[56, 64], [64, 66], [68, 70]], "missing_branches": [[56, 57], [58, 59], [58, 60], [64, 65], [68, 69]]}, "Settings.validate_env": {"executed_lines": [136, 137, 139], "summary": {"covered_lines": 3, "num_statements": 4, "percent_covered": 66.66666666666667, "percent_covered_display": "67", "missing_lines": 1, "excluded_lines": 0, "percent_statements_covered": 75.0, "percent_statements_covered_display": "75", "num_branches": 2, "num_partial_branches": 1, "covered_branches": 1, "missing_branches": 1, "percent_branches_covered": 50.0, "percent_branches_covered_display": "50"}, "missing_lines": [138], "excluded_lines": [], "start_line": 135, "executed_branches": [[137, 139]], "missing_branches": [[137, 138]]}, "Settings.parse_admin_emails": {"executed_lines": [145, 150], "summary": {"covered_lines": 2, "num_statements": 6, "percent_covered": 30.0, "percent_covered_display": "30", "missing_lines": 4, "excluded_lines": 0, "percent_statements_covered": 33.333333333333336, "percent_statements_covered_display": "33", "num_branches": 4, "num_partial_branches": 1, "covered_branches": 1, "missing_branches": 3, "percent_branches_covered": 25.0, "percent_branches_covered_display": "25"}, "missing_lines": [146, 147, 148, 149], "excluded_lines": [], "start_line": 143, "executed_branches": [[145, 150]], "missing_branches": [[145, 146], [147, 148], [147, 149]]}, "Settings.parse_allowed_hosts": {"executed_lines": [156, 161], "summary": {"covered_lines": 2, "num_statements": 6, "percent_covered": 30.0, "percent_covered_display": "30", "missing_lines": 4, "excluded_lines": 0, "percent_statements_covered": 33.333333333333336, "percent_statements_covered_display": "33", "num_branches": 4, "num_partial_branches": 1, "covered_branches": 1, "missing_branches": 3, "percent_branches_covered": 25.0, "percent_branches_covered_display": "25"}, "missing_lines": [157, 158, 159, 160], "excluded_lines": [], "start_line": 154, "executed_branches": [[156, 161]], "missing_branches": [[156, 157], [158, 159], [158, 160]]}, "Settings.set_test_secret": {"executed_lines": [166, 167, 168, 169, 170], "summary": {"covered_lines": 5, "num_statements": 6, "percent_covered": 80.0, "percent_covered_display": "80", "missing_lines": 1, "excluded_lines": 0, "percent_statements_covered": 83.33333333333333, "percent_statements_covered_display": "83", "num_branches": 4, "num_partial_branches": 1, "covered_branches": 3, "missing_branches": 1, "percent_branches_covered": 75.0, "percent_branches_covered_display": "75"}, "missing_lines": [171], "excluded_lines": [], "start_line": 165, "executed_branches": [[167, 168], [168, 169], [168, 170]], "missing_branches": [[167, 171]]}, "Settings.debug_must_be_false_in_production": {"executed_lines": [176, 177, 178, 179], "summary": {"covered_lines": 4, "num_statements": 4, "percent_covered": 100.0, "percent_covered_display": "100", "missing_lines": 0, "excluded_lines": 0, "percent_statements_covered": 100.0, "percent_statements_covered_display": "100", "num_branches": 2, "num_partial_branches": 0, "covered_branches": 2, "missing_branches": 0, "percent_branches_covered": 100.0, "percent_branches_covered_display": "100"}, "missing_lines": [], "excluded_lines": [], "start_line": 175, "executed_branches": [[177, 178], [177, 179]], "missing_branches": []}, "Settings.parse_cors_origins": {"executed_lines": [184, 186, 194], "summary": {"covered_lines": 3, "num_statements": 10, "percent_covered": 28.571428571428573, "percent_covered_display": "29", "missing_lines": 7, "excluded_lines": 0, "percent_statements_covered": 30.0, "percent_statements_covered_display": "30", "num_branches": 4, "num_partial_branches": 1, "covered_branches": 1, "missing_branches": 3, "percent_branches_covered": 25.0, "percent_branches_covered_display": "25"}, "missing_lines": [187, 188, 189, 190, 191, 192, 193], "excluded_lines": [], "start_line": 183, "executed_branches": [[186, 194]], "missing_branches": [[186, 187], [188, 189], [188, 190]]}, "Settings.validate_config": {"executed_lines": [], "summary": {"covered_lines": 0, "num_statements": 14, "percent_covered": 0.0, "percent_covered_display": "0", "missing_lines": 14, "excluded_lines": 0, "percent_statements_covered": 0.0, "percent_statements_covered_display": "0", "num_branches": 14, "num_partial_branches": 0, "covered_branches": 0, "missing_branches": 14, "percent_branches_covered": 0.0, "percent_branches_covered_display": "0"}, "missing_lines": [197, 198, 199, 200, 201, 202, 203, 204, 205, 206, 207, 208, 209, 210], "excluded_lines": [], "start_line": 196, "executed_branches": [], "missing_branches": [[197, -196], [197, 198], [199, 200], [199, 201], [201, 202], [201, 203], [203, 204], [203, 205], [205, 206], [205, 207], [207, 208], [207, 209], [209, -196], [209, 210]]}, "": {"executed_lines": [1, 2, 3, 5, 6, 7, 8, 9, 10, 11, 13, 16, 21, 22, 27, 28, 30, 31, 32, 33, 34, 35, 37, 38, 39, 41, 51, 52, 53, 73, 76, 81, 85, 89, 91, 92, 93, 94, 95, 96, 97, 98, 100, 102, 103, 104, 105, 106, 107, 108, 109, 110, 111, 112, 113, 114, 116, 117, 118, 119, 120, 121, 122, 124, 125, 127, 128, 129, 130, 131, 133, 134, 135, 141, 142, 143, 152, 153, 154, 163, 164, 165, 173, 174, 175, 181, 182, 183, 196, 213, 215], "summary": {"covered_lines": 91, "num_statements": 100, "percent_covered": 87.73584905660377, "percent_covered_display": "88", "missing_lines": 9, "excluded_lines": 0, "percent_statements_covered": 91.0, "percent_statements_covered_display": "91", "num_branches": 6, "num_partial_branches": 2, "covered_branches": 2, "missing_branches": 4, "percent_branches_covered": 33.333333333333336, "percent_branches_covered_display": "33"}, "missing_lines": [17, 18, 216, 217, 219, 220, 221, 222, 223], "excluded_lines": [], "start_line": 1, "executed_branches": [[16, 21], [215, -1]], "missing_branches": [[16, 17], [215, 216], [219, -1], [219, 220]]}}, "classes": {"Settings": {"executed_lines": [54, 56, 64, 66, 67, 68, 70, 136, 137, 139, 145, 150, 156, 161, 166, 167, 168, 169, 170, 176, 177, 178, 179, 184, 186, 194], "summary": {"covered_lines": 26, "num_statements": 66, "percent_covered": 35.18518518518518, "percent_covered_display": "35", "missing_lines": 40, "excluded_lines": 0, "percent_statements_covered": 39.39393939393939, "percent_statements_covered_display": "39", "num_branches": 42, "num_partial_branches": 8, "covered_branches": 12, "missing_branches": 30, "percent_branches_covered": 28.571428571428573, "percent_branches_covered_display": "29"}, "missing_lines": [57, 58, 59, 60, 61, 62, 63, 65, 69, 138, 146, 147, 148, 149, 157, 158, 159, 160, 171, 187, 188, 189, 190, 191, 192, 193, 197, 198, 199, 200, 201, 202, 203, 204, 205, 206, 207, 208, 209, 210], "excluded_lines": [], "start_line": 21, "executed_branches": [[56, 64], [64, 66], [68, 70], [137, 139], [145, 150], [156, 161], [167, 168], [168, 169], [168, 170], [177, 178], [177, 179], [186, 194]], "missing_branches": [[56, 57], [58, 59], [58, 60], [64, 65], [68, 69], [137, 138], [145, 146], [147, 148], [147, 149], [156, 157], [158, 159], [158, 160], [167, 171], [186, 187], [188, 189], [188, 190], [197, -196], [197, 198], [199, 200], [199, 201], [201, 202], [201, 203], [203, 204], [203, 205], [205, 206], [205, 207], [207, 208], [207, 209], [209, -196], [209, 210]]}, "": {"executed_lines": [1, 2, 3, 5, 6, 7, 8, 9, 10, 11, 13, 16, 21, 22, 27, 28, 30, 31, 32, 33, 34, 35, 37, 38, 39, 41, 51, 52, 53, 73, 76, 81, 85, 89, 91, 92, 93, 94, 95, 96, 97, 98, 100, 102, 103, 104, 105, 106, 107, 108, 109, 110, 111, 112, 113, 114, 116, 117, 118, 119, 120, 121, 122, 124, 125, 127, 128, 129, 130, 131, 133, 134, 135, 141, 142, 143, 152, 153, 154, 163, 164, 165, 173, 174, 175, 181, 182, 183, 196, 213, 215], "summary": {"covered_lines": 91, "num_statements": 100, "percent_covered": 87.73584905660377, "percent_covered_display": "88", "missing_lines": 9, "excluded_lines": 0, "percent_statements_covered": 91.0, "percent_statements_covered_display": "91", "num_branches": 6, "num_partial_branches": 2, "covered_branches": 2, "missing_branches": 4, "percent_branches_covered": 33.333333333333336, "percent_branches_covered_display": "33"}, "missing_lines": [17, 18, 216, 217, 219, 220, 221, 222, 223], "excluded_lines": [], "start_line": 1, "executed_branches": [[16, 21], [215, -1]], "missing_branches": [[16, 17], [215, 216], [219, -1], [219, 220]]}}}, "core/llm_gateway.py": {"executed_lines": [4, 5, 6, 7, 9, 10, 12, 16, 19, 20, 21, 22, 23, 26, 27, 29, 32, 34, 36, 37, 38, 39, 40, 42, 43, 45, 47, 50, 58, 59, 60, 61, 63, 65, 81, 85, 86, 88, 102, 105, 106, 109, 110, 111, 112, 113, 115, 116, 117, 118, 122, 123, 124, 127, 128, 131, 132, 133, 134, 135, 136, 139, 140, 142, 144, 145, 148, 149, 150, 151, 152, 153, 159, 160, 161, 162, 166, 169, 170, 171, 172, 173, 174, 175, 176, 177, 178, 179, 180, 181, 182, 188], "summary": {"covered_lines": 92, "num_statements": 107, "percent_covered": 85.51724137931035, "percent_covered_display": "86", "missing_lines": 15, "excluded_lines": 0, "percent_statements_covered": 85.98130841121495, "percent_statements_covered_display": "86", "num_branches": 38, "num_partial_branches": 6, "covered_branches": 32, "missing_branches": 6, "percent_branches_covered": 84.21052631578948, "percent_branches_covered_display": "84"}, "missing_lines": [41, 66, 67, 68, 69, 70, 72, 74, 78, 79, 82, 83, 125, 164, 184], "excluded_lines": [], "executed_branches": [[38, 39], [58, -47], [58, 59], [59, 58], [59, 60], [105, 106], [105, 109], [110, 111], [110, 112], [112, 113], [115, 116], [115, 117], [117, 118], [117, 122], [122, 123], [122, 127], [124, 127], [132, 133], [132, 134], [134, 135], [134, 139], [135, 134], [135, 136], [139, 140], [139, 142], [144, 145], [144, 148], [149, 150], [170, 171], [174, 175], [174, 178], [176, 177]], "missing_branches": [[38, 41], [112, 115], [124, 125], [149, 164], [170, 184], [176, 174]], "functions": {"LLMGateway.__init__": {"executed_lines": [21, 22, 23, 26, 27, 29, 32, 34], "summary": {"covered_lines": 8, "num_statements": 8, "percent_covered": 100.0, "percent_covered_display": "100", "missing_lines": 0, "excluded_lines": 0, "percent_statements_covered": 100.0, "percent_statements_covered_display": "100", "num_branches": 0, "num_partial_branches": 0, "covered_branches": 0, "missing_branches": 0, "percent_branches_covered": 100.0, "percent_branches_covered_display": "100"}, "missing_lines": [], "excluded_lines": [], "start_line": 20, "executed_branches": [], "missing_branches": []}, "LLMGateway._load_routing_policy": {"executed_lines": [37, 38, 39, 40, 42, 43, 45], "summary": {"covered_lines": 7, "num_statements": 8, "percent_covered": 80.0, "percent_covered_display": "80", "missing_lines": 1, "excluded_lines": 0, "percent_statements_covered": 87.5, "percent_statements_covered_display": "88", "num_branches": 2, "num_partial_branches": 1, "covered_branches": 1, "missing_branches": 1, "percent_branches_covered": 50.0, "percent_branches_covered_display": "50"}, "missing_lines": [41], "excluded_lines": [], "start_line": 36, "executed_branches": [[38, 39]], "missing_branches": [[38, 41]]}, "LLMGateway._inject_secrets": {"executed_lines": [50, 58, 59, 60, 61], "summary": {"covered_lines": 5, "num_statements": 5, "percent_covered": 100.0, "percent_covered_display": "100", "missing_lines": 0, "excluded_lines": 0, "percent_statements_covered": 100.0, "percent_statements_covered_display": "100", "num_branches": 4, "num_partial_branches": 0, "covered_branches": 4, "missing_branches": 0, "percent_branches_covered": 100.0, "percent_branches_covered_display": "100"}, "missing_lines": [], "excluded_lines": [], "start_line": 47, "executed_branches": [[58, -47], [58, 59], [59, 58], [59, 60]], "missing_branches": []}, "LLMGateway._setup_callbacks": {"executed_lines": [65, 81, 85, 86], "summary": {"covered_lines": 4, "num_statements": 4, "percent_covered": 100.0, "percent_covered_display": "100", "missing_lines": 0, "excluded_lines": 0, "percent_statements_covered": 100.0, "percent_statements_covered_display": "100", "num_branches": 0, "num_partial_branches": 0, "covered_branches": 0, "missing_branches": 0, "percent_branches_covered": 100.0, "percent_branches_covered_display": "100"}, "missing_lines": [], "excluded_lines": [], "start_line": 63, "executed_branches": [], "missing_branches": []}, "LLMGateway._setup_callbacks.success_callback": {"executed_lines": [], "summary": {"covered_lines": 0, "num_statements": 9, "percent_covered": 0.0, "percent_covered_display": "0", "missing_lines": 9, "excluded_lines": 0, "percent_statements_covered": 0.0, "percent_statements_covered_display": "0", "num_branches": 0, "num_partial_branches": 0, "covered_branches": 0, "missing_branches": 0, "percent_branches_covered": 100.0, "percent_branches_covered_display": "100"}, "missing_lines": [66, 67, 68, 69, 70, 72, 74, 78, 79], "excluded_lines": [], "start_line": 65, "executed_branches": [], "missing_branches": []}, "LLMGateway._setup_callbacks.failure_callback": {"executed_lines": [], "summary": {"covered_lines": 0, "num_statements": 2, "percent_covered": 0.0, "percent_covered_display": "0", "missing_lines": 2, "excluded_lines": 0, "percent_statements_covered": 0.0, "percent_statements_covered_display": "0", "num_branches": 0, "num_partial_branches": 0, "covered_branches": 0, "missing_branches": 0, "percent_branches_covered": 100.0, "percent_branches_covered_display": "100"}, "missing_lines": [82, 83], "excluded_lines": [], "start_line": 81, "executed_branches": [], "missing_branches": []}, "LLMGateway.acompletion": {"executed_lines": [102, 105, 106, 109, 110, 111, 112, 113, 115, 116, 117, 118, 122, 123, 124, 127, 128, 131, 132, 133, 134, 135, 136, 139, 140, 142, 144, 145, 148, 149, 150, 151, 152, 153, 159, 160, 161, 162], "summary": {"covered_lines": 38, "num_statements": 40, "percent_covered": 92.42424242424242, "percent_covered_display": "92", "missing_lines": 2, "excluded_lines": 0, "percent_statements_covered": 95.0, "percent_statements_covered_display": "95", "num_branches": 26, "num_partial_branches": 3, "covered_branches": 23, "missing_branches": 3, "percent_branches_covered": 88.46153846153847, "percent_branches_covered_display": "88"}, "missing_lines": [125, 164], "excluded_lines": [], "start_line": 88, "executed_branches": [[105, 106], [105, 109], [110, 111], [110, 112], [112, 113], [115, 116], [115, 117], [117, 118], [117, 122], [122, 123], [122, 127], [124, 127], [132, 133], [132, 134], [134, 135], [134, 139], [135, 134], [135, 136], [139, 140], [139, 142], [144, 145], [144, 148], [149, 150]], "missing_branches": [[112, 115], [124, 125], [149, 164]]}, "LLMGateway._stream_completion": {"executed_lines": [169, 170, 171, 172, 173, 174, 175, 176, 177, 178, 179, 180, 181, 182], "summary": {"covered_lines": 14, "num_statements": 15, "percent_covered": 85.71428571428571, "percent_covered_display": "86", "missing_lines": 1, "excluded_lines": 0, "percent_statements_covered": 93.33333333333333, "percent_statements_covered_display": "93", "num_branches": 6, "num_partial_branches": 2, "covered_branches": 4, "missing_branches": 2, "percent_branches_covered": 66.66666666666667, "percent_branches_covered_display": "67"}, "missing_lines": [184], "excluded_lines": [], "start_line": 166, "executed_branches": [[170, 171], [174, 175], [174, 178], [176, 177]], "missing_branches": [[170, 184], [176, 174]]}, "": {"executed_lines": [4, 5, 6, 7, 9, 10, 12, 16, 19, 20, 36, 47, 63, 88, 166, 188], "summary": {"covered_lines": 16, "num_statements": 16, "percent_covered": 100.0, "percent_covered_display": "100", "missing_lines": 0, "excluded_lines": 0, "percent_statements_covered": 100.0, "percent_statements_covered_display": "100", "num_branches": 0, "num_partial_branches": 0, "covered_branches": 0, "missing_branches": 0, "percent_branches_covered": 100.0, "percent_branches_covered_display": "100"}, "missing_lines": [], "excluded_lines": [], "start_line": 1, "executed_branches": [], "missing_branches": []}}, "classes": {"LLMGateway": {"executed_lines": [21, 22, 23, 26, 27, 29, 32, 34, 37, 38, 39, 40, 42, 43, 45, 50, 58, 59, 60, 61, 65, 81, 85, 86, 102, 105, 106, 109, 110, 111, 112, 113, 115, 116, 117, 118, 122, 123, 124, 127, 128, 131, 132, 133, 134, 135, 136, 139, 140, 142, 144, 145, 148, 149, 150, 151, 152, 153, 159, 160, 161, 162, 169, 170, 171, 172, 173, 174, 175, 176, 177, 178, 179, 180, 181, 182], "summary": {"covered_lines": 76, "num_statements": 91, "percent_covered": 83.72093023255815, "percent_covered_display": "84", "missing_lines": 15, "excluded_lines": 0, "percent_statements_covered": 83.51648351648352, "percent_statements_covered_display": "84", "num_branches": 38, "num_partial_branches": 6, "covered_branches": 32, "missing_branches": 6, "percent_branches_covered": 84.21052631578948, "percent_branches_covered_display": "84"}, "missing_lines": [41, 66, 67, 68, 69, 70, 72, 74, 78, 79, 82, 83, 125, 164, 184], "excluded_lines": [], "start_line": 19, "executed_branches": [[38, 39], [58, -47], [58, 59], [59, 58], [59, 60], [105, 106], [105, 109], [110, 111], [110, 112], [112, 113], [115, 116], [115, 117], [117, 118], [117, 122], [122, 123], [122, 127], [124, 127], [132, 133], [132, 134], [134, 135], [134, 139], [135, 134], [135, 136], [139, 140], [139, 142], [144, 145], [144, 148], [149, 150], [170, 171], [174, 175], [174, 178], [176, 177]], "missing_branches": [[38, 41], [112, 115], [124, 125], [149, 164], [170, 184], [176, 174]]}, "": {"executed_lines": [4, 5, 6, 7, 9, 10, 12, 16, 19, 20, 36, 47, 63, 88, 166, 188], "summary": {"covered_lines": 16, "num_statements": 16, "percent_covered": 100.0, "percent_covered_display": "100", "missing_lines": 0, "excluded_lines": 0, "percent_statements_covered": 100.0, "percent_statements_covered_display": "100", "num_branches": 0, "num_partial_branches": 0, "covered_branches": 0, "missing_branches": 0, "percent_branches_covered": 100.0, "percent_branches_covered_display": "100"}, "missing_lines": [], "excluded_lines": [], "start_line": 1, "executed_branches": [], "missing_branches": []}}}, "core/swarm_orchestrator.py": {"executed_lines": [4, 6, 7, 8, 9, 12, 17, 18, 19, 20, 22, 23, 24, 26, 29, 32, 35, 37, 38], "summary": {"covered_lines": 19, "num_statements": 19, "percent_covered": 100.0, "percent_covered_display": "100", "missing_lines": 0, "excluded_lines": 0, "percent_statements_covered": 100.0, "percent_statements_covered_display": "100", "num_branches": 0, "num_partial_branches": 0, "covered_branches": 0, "missing_branches": 0, "percent_branches_covered": 100.0, "percent_branches_covered_display": "100"}, "missing_lines": [], "excluded_lines": [], "executed_branches": [], "missing_branches": [], "functions": {"SwarmOrchestrator.__init__": {"executed_lines": [18, 19, 20], "summary": {"covered_lines": 3, "num_statements": 3, "percent_covered": 100.0, "percent_covered_display": "100", "missing_lines": 0, "excluded_lines": 0, "percent_statements_covered": 100.0, "percent_statements_covered_display": "100", "num_branches": 0, "num_partial_branches": 0, "covered_branches": 0, "missing_branches": 0, "percent_branches_covered": 100.0, "percent_branches_covered_display": "100"}, "missing_lines": [], "excluded_lines": [], "start_line": 17, "executed_branches": [], "missing_branches": []}, "SwarmOrchestrator.execute_task": {"executed_lines": [23, 24, 26, 29, 32, 35, 37, 38], "summary": {"covered_lines": 8, "num_statements": 8, "percent_covered": 100.0, "percent_covered_display": "100", "missing_lines": 0, "excluded_lines": 0, "percent_statements_covered": 100.0, "percent_statements_covered_display": "100", "num_branches": 0, "num_partial_branches": 0, "covered_branches": 0, "missing_branches": 0, "percent_branches_covered": 100.0, "percent_branches_covered_display": "100"}, "missing_lines": [], "excluded_lines": [], "start_line": 22, "executed_branches": [], "missing_branches": []}, "": {"executed_lines": [4, 6, 7, 8, 9, 12, 17, 22], "summary": {"covered_lines": 8, "num_statements": 8, "percent_covered": 100.0, "percent_covered_display": "100", "missing_lines": 0, "excluded_lines": 0, "percent_statements_covered": 100.0, "percent_statements_covered_display": "100", "num_branches": 0, "num_partial_branches": 0, "covered_branches": 0, "missing_branches": 0, "percent_branches_covered": 100.0, "percent_branches_covered_display": "100"}, "missing_lines": [], "excluded_lines": [], "start_line": 1, "executed_branches": [], "missing_branches": []}}, "classes": {"SwarmOrchestrator": {"executed_lines": [18, 19, 20, 23, 24, 26, 29, 32, 35, 37, 38], "summary": {"covered_lines": 11, "num_statements": 11, "percent_covered": 100.0, "percent_covered_display": "100", "missing_lines": 0, "excluded_lines": 0, "percent_statements_covered": 100.0, "percent_statements_covered_display": "100", "num_branches": 0, "num_partial_branches": 0, "covered_branches": 0, "missing_branches": 0, "percent_branches_covered": 100.0, "percent_branches_covered_display": "100"}, "missing_lines": [], "excluded_lines": [], "start_line": 12, "executed_branches": [], "missing_branches": []}, "": {"executed_lines": [4, 6, 7, 8, 9, 12, 17, 22], "summary": {"covered_lines": 8, "num_statements": 8, "percent_covered": 100.0, "percent_covered_display": "100", "missing_lines": 0, "excluded_lines": 0, "percent_statements_covered": 100.0, "percent_statements_covered_display": "100", "num_branches": 0, "num_partial_branches": 0, "covered_branches": 0, "missing_branches": 0, "percent_branches_covered": 100.0, "percent_branches_covered_display": "100"}, "missing_lines": [], "excluded_lines": [], "start_line": 1, "executed_branches": [], "missing_branches": []}}}}, "totals": {"covered_lines": 228, "num_statements": 292, "percent_covered": 72.48677248677248, "percent_covered_display": "72", "missing_lines": 64, "excluded_lines": 0, "percent_statements_covered": 78.08219178082192, "percent_statements_covered_display": "78", "num_branches": 86, "num_partial_branches": 16, "covered_branches": 46, "missing_branches": 40, "percent_branches_covered": 53.48837209302326, "percent_branches_covered_display": "53"}}